Saved snapshot to /Users/mattia/Projects/Onde/data/trading/snapshots/2026-01-29.jsonl
  All-time: 2016 trades, 0.0% win rate, $0.00 PnL
  Today: 9 trades, 0% win rate, $0.00 PnL
Saved snapshot to /Users/mattia/Projects/Onde/data/trading/snapshots/2026-01-29.jsonl
  All-time: 2016 trades, 0.0% win rate, $0.00 PnL
  Today: 9 trades, 0% win rate, $0.00 PnL
Saved snapshot to /Users/mattia/Projects/Onde/data/trading/snapshots/2026-01-29.jsonl
  All-time: 2016 trades, 0.0% win rate, $0.00 PnL
  Today: 9 trades, 0% win rate, $0.00 PnL
Saved snapshot to /Users/mattia/Projects/Onde/data/trading/snapshots/2026-01-29.jsonl
  All-time: 2016 trades, 0.0% win rate, $0.00 PnL
  Today: 9 trades, 0% win rate, $0.00 PnL
Saved snapshot to /Users/mattia/Projects/Onde/data/trading/snapshots/2026-01-29.jsonl
  All-time: 2016 trades, 0.0% win rate, $0.00 PnL
  Today: 9 trades, 0% win rate, $0.00 PnL
Saved snapshot to /Users/mattia/Projects/Onde/data/trading/snapshots/2026-01-29.jsonl
  All-time: 2016 trades, 0.0% win rate, $0.00 PnL
  Today: 9 trades, 0% win rate, $0.00 PnL
Saved snapshot to /Users/mattia/Projects/Onde/data/trading/snapshots/2026-01-29.jsonl
  All-time: 2016 trades, 0.0% win rate, $0.00 PnL
  Today: 9 trades, 0% win rate, $0.00 PnL
Saved snapshot to /Users/mattia/Projects/Onde/data/trading/snapshots/2026-01-29.jsonl
  All-time: 2016 trades, 0.0% win rate, $0.00 PnL
  Today: 9 trades, 0% win rate, $0.00 PnL
Saved snapshot to /Users/mattia/Projects/Onde/data/trading/snapshots/2026-01-29.jsonl
  All-time: 2016 trades, 0.0% win rate, $0.00 PnL
  Today: 9 trades, 0% win rate, $0.00 PnL
Saved snapshot to /Users/mattia/Projects/Onde/data/trading/snapshots/2026-01-29.jsonl
  All-time: 2016 trades, 0.0% win rate, $0.00 PnL
  Today: 9 trades, 0% win rate, $0.00 PnL
Saved snapshot to /Users/mattia/Projects/Onde/data/trading/snapshots/2026-01-29.jsonl
  All-time: 2016 trades, 0.0% win rate, $0.00 PnL
  Today: 9 trades, 0% win rate, $0.00 PnL
Saved snapshot to /Users/mattia/Projects/Onde/data/trading/snapshots/2026-01-29.jsonl
  All-time: 2016 trades, 0.0% win rate, $0.00 PnL
  Today: 9 trades, 0% win rate, $0.00 PnL
Saved snapshot to /Users/mattia/Projects/Onde/data/trading/snapshots/2026-01-29.jsonl
  All-time: 2016 trades, 0.0% win rate, $0.00 PnL
  Today: 9 trades, 0% win rate, $0.00 PnL
Saved snapshot to /Users/mattia/Projects/Onde/data/trading/snapshots/2026-01-29.jsonl
  All-time: 2016 trades, 0.0% win rate, $0.00 PnL
  Today: 9 trades, 0% win rate, $0.00 PnL
Saved snapshot to /Users/mattia/Projects/Onde/data/trading/snapshots/2026-01-29.jsonl
  All-time: 2016 trades, 0.0% win rate, $0.00 PnL
  Today: 9 trades, 0% win rate, $0.00 PnL
Saved snapshot to /Users/mattia/Projects/Onde/data/trading/snapshots/2026-01-29.jsonl
  All-time: 2016 trades, 0.0% win rate, $0.00 PnL
  Today: 9 trades, 0% win rate, $0.00 PnL
Saved snapshot to /Users/mattia/Projects/Onde/data/trading/snapshots/2026-01-29.jsonl
  All-time: 2016 trades, 0.0% win rate, $0.00 PnL
  Today: 9 trades, 0% win rate, $0.00 PnL
Saved snapshot to /Users/mattia/Projects/Onde/data/trading/snapshots/2026-01-29.jsonl
  All-time: 2016 trades, 0.0% win rate, $0.00 PnL
  Today: 9 trades, 0% win rate, $0.00 PnL
Saved snapshot to /Users/mattia/Projects/Onde/data/trading/snapshots/2026-01-29.jsonl
  All-time: 2016 trades, 0.0% win rate, $0.00 PnL
  Today: 9 trades, 0% win rate, $0.00 PnL
Saved snapshot to /Users/mattia/Projects/Onde/data/trading/snapshots/2026-01-29.jsonl
  All-time: 2016 trades, 0.0% win rate, $0.00 PnL
  Today: 9 trades, 0% win rate, $0.00 PnL
Saved snapshot to /Users/mattia/Projects/Onde/data/trading/snapshots/2026-01-29.jsonl
  All-time: 2016 trades, 0.0% win rate, $0.00 PnL
  Today: 9 trades, 0% win rate, $0.00 PnL
Saved snapshot to /Users/mattia/Projects/Onde/data/trading/snapshots/2026-01-29.jsonl
  All-time: 2016 trades, 0.0% win rate, $0.00 PnL
  Today: 9 trades, 0% win rate, $0.00 PnL
Saved snapshot to /Users/mattia/Projects/Onde/data/trading/snapshots/2026-01-30.jsonl
  All-time: 2016 trades, 0.0% win rate, $0.00 PnL
  Today: 0 trades, 0.0% win rate, $0.00 PnL
Saved snapshot to /Users/mattia/Projects/Onde/data/trading/snapshots/2026-01-30.jsonl
  All-time: 2016 trades, 0.0% win rate, $0.00 PnL
  Today: 0 trades, 0.0% win rate, $0.00 PnL
Saved snapshot to /Users/mattia/Projects/Onde/data/trading/snapshots/2026-01-30.jsonl
  All-time: 2016 trades, 0.0% win rate, $0.00 PnL
  Today: 0 trades, 0.0% win rate, $0.00 PnL
Saved snapshot to /Users/mattia/Projects/Onde/data/trading/snapshots/2026-01-30.jsonl
  All-time: 2016 trades, 0.0% win rate, $0.00 PnL
  Today: 0 trades, 0.0% win rate, $0.00 PnL
Saved snapshot to /Users/mattia/Projects/Onde/data/trading/snapshots/2026-01-30.jsonl
  All-time: 2016 trades, 0.0% win rate, $0.00 PnL
  Today: 0 trades, 0.0% win rate, $0.00 PnL
Saved snapshot to /Users/mattia/Projects/Onde/data/trading/snapshots/2026-01-30.jsonl
  All-time: 2016 trades, 0.0% win rate, $0.00 PnL
  Today: 0 trades, 0.0% win rate, $0.00 PnL
Saved snapshot to /Users/mattia/Projects/Onde/data/trading/snapshots/2026-01-30.jsonl
  All-time: 2016 trades, 0.0% win rate, $0.00 PnL
  Today: 0 trades, 0.0% win rate, $0.00 PnL
Saved snapshot to /Users/mattia/Projects/Onde/data/trading/snapshots/2026-01-30.jsonl
  All-time: 2016 trades, 0.0% win rate, $0.00 PnL
  Today: 0 trades, 0.0% win rate, $0.00 PnL
Saved snapshot to /Users/mattia/Projects/Onde/data/trading/snapshots/2026-01-30.jsonl
  All-time: 2016 trades, 0.0% win rate, $0.00 PnL
  Today: 0 trades, 0.0% win rate, $0.00 PnL
Saved snapshot to /Users/mattia/Projects/Onde/data/trading/snapshots/2026-01-30.jsonl
  All-time: 2016 trades, 0.0% win rate, $0.00 PnL
  Today: 0 trades, 0.0% win rate, $0.00 PnL
Saved snapshot to /Users/mattia/Projects/Onde/data/trading/snapshots/2026-01-30.jsonl
  All-time: 2016 trades, 0.0% win rate, $0.00 PnL
  Today: 0 trades, 0.0% win rate, $0.00 PnL
Saved snapshot to /Users/mattia/Projects/Onde/data/trading/snapshots/2026-01-30.jsonl
  All-time: 2016 trades, 0.0% win rate, $0.00 PnL
  Today: 0 trades, 0.0% win rate, $0.00 PnL
Saved snapshot to /Users/mattia/Projects/Onde/data/trading/snapshots/2026-01-30.jsonl
  All-time: 2016 trades, 0.0% win rate, $0.00 PnL
  Today: 0 trades, 0.0% win rate, $0.00 PnL
Saved snapshot to /Users/mattia/Projects/Onde/data/trading/snapshots/2026-01-30.jsonl
  All-time: 2016 trades, 0.0% win rate, $0.00 PnL
  Today: 0 trades, 0.0% win rate, $0.00 PnL
Saved snapshot to /Users/mattia/Projects/Onde/data/trading/snapshots/2026-01-30.jsonl
  All-time: 2016 trades, 0.0% win rate, $0.00 PnL
  Today: 0 trades, 0.0% win rate, $0.00 PnL
Saved snapshot to /Users/mattia/Projects/Onde/data/trading/snapshots/2026-01-30.jsonl
  All-time: 2016 trades, 0.0% win rate, $0.00 PnL
  Today: 0 trades, 0.0% win rate, $0.00 PnL
Saved snapshot to /Users/mattia/Projects/Onde/data/trading/snapshots/2026-01-30.jsonl
  All-time: 2016 trades, 0.0% win rate, $0.00 PnL
  Today: 0 trades, 0.0% win rate, $0.00 PnL
Saved snapshot to /Users/mattia/Projects/Onde/data/trading/snapshots/2026-01-30.jsonl
  All-time: 2016 trades, 0.0% win rate, $0.00 PnL
  Today: 0 trades, 0.0% win rate, $0.00 PnL
Saved snapshot to /Users/mattia/Projects/Onde/data/trading/snapshots/2026-01-30.jsonl
  All-time: 2016 trades, 0.0% win rate, $0.00 PnL
  Today: 0 trades, 0.0% win rate, $0.00 PnL
Saved snapshot to /Users/mattia/Projects/Onde/data/trading/snapshots/2026-01-30.jsonl
  All-time: 2016 trades, 0.0% win rate, $0.00 PnL
  Today: 0 trades, 0.0% win rate, $0.00 PnL
Saved snapshot to /Users/mattia/Projects/Onde/data/trading/snapshots/2026-01-30.jsonl
  All-time: 2016 trades, 0.0% win rate, $0.00 PnL
  Today: 0 trades, 0.0% win rate, $0.00 PnL
Saved snapshot to /Users/mattia/Projects/Onde/data/trading/snapshots/2026-01-30.jsonl
  All-time: 2016 trades, 0.0% win rate, $0.00 PnL
  Today: 0 trades, 0.0% win rate, $0.00 PnL
Saved snapshot to /Users/mattia/Projects/Onde/data/trading/snapshots/2026-01-30.jsonl
  All-time: 2016 trades, 0.0% win rate, $0.00 PnL
  Today: 0 trades, 0.0% win rate, $0.00 PnL
Saved snapshot to /Users/mattia/Projects/Onde/data/trading/snapshots/2026-01-30.jsonl
  All-time: 2016 trades, 0.0% win rate, $0.00 PnL
  Today: 0 trades, 0.0% win rate, $0.00 PnL
Saved snapshot to /Users/mattia/Projects/Onde/data/trading/snapshots/2026-01-31.jsonl
  All-time: 2016 trades, 0.0% win rate, $0.00 PnL
  Today: 0 trades, 0.0% win rate, $0.00 PnL
Saved snapshot to /Users/mattia/Projects/Onde/data/trading/snapshots/2026-01-31.jsonl
  All-time: 2016 trades, 0.0% win rate, $0.00 PnL
  Today: 0 trades, 0.0% win rate, $0.00 PnL
Saved snapshot to /Users/mattia/Projects/Onde/data/trading/snapshots/2026-01-31.jsonl
  All-time: 2016 trades, 0.0% win rate, $0.00 PnL
  Today: 0 trades, 0.0% win rate, $0.00 PnL
Saved snapshot to /Users/mattia/Projects/Onde/data/trading/snapshots/2026-01-31.jsonl
  All-time: 2016 trades, 0.0% win rate, $0.00 PnL
  Today: 0 trades, 0.0% win rate, $0.00 PnL
Saved snapshot to /Users/mattia/Projects/Onde/data/trading/snapshots/2026-01-31.jsonl
  All-time: 2016 trades, 0.0% win rate, $0.00 PnL
  Today: 0 trades, 0.0% win rate, $0.00 PnL
Saved snapshot to /Users/mattia/Projects/Onde/data/trading/snapshots/2026-01-31.jsonl
  All-time: 2016 trades, 0.0% win rate, $0.00 PnL
  Today: 0 trades, 0.0% win rate, $0.00 PnL
Saved snapshot to /Users/mattia/Projects/Onde/data/trading/snapshots/2026-01-31.jsonl
  All-time: 2016 trades, 0.0% win rate, $0.00 PnL
  Today: 0 trades, 0.0% win rate, $0.00 PnL
Saved snapshot to /Users/mattia/Projects/Onde/data/trading/snapshots/2026-01-31.jsonl
  All-time: 2016 trades, 0.0% win rate, $0.00 PnL
  Today: 0 trades, 0.0% win rate, $0.00 PnL
Saved snapshot to /Users/mattia/Projects/Onde/data/trading/snapshots/2026-01-31.jsonl
  All-time: 2016 trades, 0.0% win rate, $0.00 PnL
  Today: 0 trades, 0.0% win rate, $0.00 PnL
Saved snapshot to /Users/mattia/Projects/Onde/data/trading/snapshots/2026-01-31.jsonl
  All-time: 2016 trades, 0.0% win rate, $0.00 PnL
  Today: 0 trades, 0.0% win rate, $0.00 PnL
Saved snapshot to /Users/mattia/Projects/Onde/data/trading/snapshots/2026-01-31.jsonl
  All-time: 2016 trades, 0.0% win rate, $0.00 PnL
  Today: 0 trades, 0.0% win rate, $0.00 PnL
Saved snapshot to /Users/mattia/Projects/Onde/data/trading/snapshots/2026-01-31.jsonl
  All-time: 2016 trades, 0.0% win rate, $0.00 PnL
  Today: 0 trades, 0.0% win rate, $0.00 PnL
Saved snapshot to /Users/mattia/Projects/Onde/data/trading/snapshots/2026-01-31.jsonl
  All-time: 2016 trades, 0.0% win rate, $0.00 PnL
  Today: 0 trades, 0.0% win rate, $0.00 PnL
Saved snapshot to /Users/mattia/Projects/Onde/data/trading/snapshots/2026-01-31.jsonl
  All-time: 2016 trades, 0.0% win rate, $0.00 PnL
  Today: 0 trades, 0.0% win rate, $0.00 PnL
Saved snapshot to /Users/mattia/Projects/Onde/data/trading/snapshots/2026-01-31.jsonl
  All-time: 2016 trades, 0.0% win rate, $0.00 PnL
  Today: 0 trades, 0.0% win rate, $0.00 PnL
Saved snapshot to /Users/mattia/Projects/Onde/data/trading/snapshots/2026-01-31.jsonl
  All-time: 2016 trades, 0.0% win rate, $0.00 PnL
  Today: 0 trades, 0.0% win rate, $0.00 PnL
Saved snapshot to /Users/mattia/Projects/Onde/data/trading/snapshots/2026-01-31.jsonl
  All-time: 2016 trades, 0.0% win rate, $0.00 PnL
  Today: 0 trades, 0.0% win rate, $0.00 PnL
Saved snapshot to /Users/mattia/Projects/Onde/data/trading/snapshots/2026-02-01.jsonl
  All-time: 2016 trades, 0.0% win rate, $0.00 PnL
  Today: 0 trades, 0.0% win rate, $0.00 PnL
Saved snapshot to /Users/mattia/Projects/Onde/data/trading/snapshots/2026-02-01.jsonl
  All-time: 2016 trades, 0.0% win rate, $0.00 PnL
  Today: 0 trades, 0.0% win rate, $0.00 PnL
Saved snapshot to /Users/mattia/Projects/Onde/data/trading/snapshots/2026-02-01.jsonl
  All-time: 2016 trades, 0.0% win rate, $0.00 PnL
  Today: 0 trades, 0.0% win rate, $0.00 PnL
Saved snapshot to /Users/mattia/Projects/Onde/data/trading/snapshots/2026-02-01.jsonl
  All-time: 2016 trades, 0.0% win rate, $0.00 PnL
  Today: 0 trades, 0.0% win rate, $0.00 PnL
Saved snapshot to /Users/mattia/Projects/Onde/data/trading/snapshots/2026-02-01.jsonl
  All-time: 2016 trades, 0.0% win rate, $0.00 PnL
  Today: 0 trades, 0.0% win rate, $0.00 PnL
Saved snapshot to /Users/mattia/Projects/Onde/data/trading/snapshots/2026-02-01.jsonl
  All-time: 2016 trades, 0.0% win rate, $0.00 PnL
  Today: 0 trades, 0.0% win rate, $0.00 PnL
Saved snapshot to /Users/mattia/Projects/Onde/data/trading/snapshots/2026-02-01.jsonl
  All-time: 2016 trades, 0.0% win rate, $0.00 PnL
  Today: 0 trades, 0.0% win rate, $0.00 PnL
Saved snapshot to /Users/mattia/Projects/Onde/data/trading/snapshots/2026-02-01.jsonl
  All-time: 2016 trades, 0.0% win rate, $0.00 PnL
  Today: 0 trades, 0.0% win rate, $0.00 PnL
Saved snapshot to /Users/mattia/Projects/Onde/data/trading/snapshots/2026-02-01.jsonl
  All-time: 2016 trades, 0.0% win rate, $0.00 PnL
  Today: 0 trades, 0.0% win rate, $0.00 PnL
Saved snapshot to /Users/mattia/Projects/Onde/data/trading/snapshots/2026-02-01.jsonl
  All-time: 2016 trades, 0.0% win rate, $0.00 PnL
  Today: 0 trades, 0.0% win rate, $0.00 PnL
Saved snapshot to /Users/mattia/Projects/Onde/data/trading/snapshots/2026-02-01.jsonl
  All-time: 2016 trades, 0.0% win rate, $0.00 PnL
  Today: 0 trades, 0.0% win rate, $0.00 PnL
Saved snapshot to /Users/mattia/Projects/Onde/data/trading/snapshots/2026-02-01.jsonl
  All-time: 2016 trades, 0.0% win rate, $0.00 PnL
  Today: 0 trades, 0.0% win rate, $0.00 PnL
Saved snapshot to /Users/mattia/Projects/Onde/data/trading/snapshots/2026-02-01.jsonl
  All-time: 2016 trades, 0.0% win rate, $0.00 PnL
  Today: 0 trades, 0.0% win rate, $0.00 PnL
Saved snapshot to /Users/mattia/Projects/Onde/data/trading/snapshots/2026-02-01.jsonl
  All-time: 2016 trades, 0.0% win rate, $0.00 PnL
  Today: 0 trades, 0.0% win rate, $0.00 PnL
Saved snapshot to /Users/mattia/Projects/Onde/data/trading/snapshots/2026-02-01.jsonl
  All-time: 2016 trades, 0.0% win rate, $0.00 PnL
  Today: 0 trades, 0.0% win rate, $0.00 PnL
Saved snapshot to /Users/mattia/Projects/Onde/data/trading/snapshots/2026-02-01.jsonl
  All-time: 2016 trades, 0.0% win rate, $0.00 PnL
  Today: 0 trades, 0.0% win rate, $0.00 PnL
Saved snapshot to /Users/mattia/Projects/Onde/data/trading/snapshots/2026-02-01.jsonl
  All-time: 2016 trades, 0.0% win rate, $0.00 PnL
  Today: 0 trades, 0.0% win rate, $0.00 PnL
Saved snapshot to /Users/mattia/Projects/Onde/data/trading/snapshots/2026-02-01.jsonl
  All-time: 2016 trades, 0.0% win rate, $0.00 PnL
  Today: 0 trades, 0.0% win rate, $0.00 PnL
Saved snapshot to /Users/mattia/Projects/Onde/data/trading/snapshots/2026-02-01.jsonl
  All-time: 2016 trades, 0.0% win rate, $0.00 PnL
  Today: 0 trades, 0.0% win rate, $0.00 PnL
Saved snapshot to /Users/mattia/Projects/Onde/data/trading/snapshots/2026-02-01.jsonl
  All-time: 2016 trades, 0.0% win rate, $0.00 PnL
  Today: 0 trades, 0.0% win rate, $0.00 PnL
Saved snapshot to /Users/mattia/Projects/Onde/data/trading/snapshots/2026-02-01.jsonl
  All-time: 2016 trades, 0.0% win rate, $0.00 PnL
  Today: 0 trades, 0.0% win rate, $0.00 PnL
Saved snapshot to /Users/mattia/Projects/Onde/data/trading/snapshots/2026-02-01.jsonl
  All-time: 2016 trades, 0.0% win rate, $0.00 PnL
  Today: 0 trades, 0.0% win rate, $0.00 PnL
Saved snapshot to /Users/mattia/Projects/Onde/data/trading/snapshots/2026-02-02.jsonl
  All-time: 2016 trades, 0.0% win rate, $0.00 PnL
  Today: 0 trades, 0.0% win rate, $0.00 PnL
Saved snapshot to /Users/mattia/Projects/Onde/data/trading/snapshots/2026-02-02.jsonl
  All-time: 2016 trades, 0.0% win rate, $0.00 PnL
  Today: 0 trades, 0.0% win rate, $0.00 PnL
Saved snapshot to /Users/mattia/Projects/Onde/data/trading/snapshots/2026-02-02.jsonl
  All-time: 2016 trades, 0.0% win rate, $0.00 PnL
  Today: 0 trades, 0.0% win rate, $0.00 PnL
Saved snapshot to /Users/mattia/Projects/Onde/data/trading/snapshots/2026-02-02.jsonl
  All-time: 2016 trades, 0.0% win rate, $0.00 PnL
  Today: 0 trades, 0.0% win rate, $0.00 PnL
Saved snapshot to /Users/mattia/Projects/Onde/data/trading/snapshots/2026-02-02.jsonl
  All-time: 2016 trades, 0.0% win rate, $0.00 PnL
  Today: 0 trades, 0.0% win rate, $0.00 PnL
Saved snapshot to /Users/mattia/Projects/Onde/data/trading/snapshots/2026-02-02.jsonl
  All-time: 2016 trades, 0.0% win rate, $0.00 PnL
  Today: 0 trades, 0.0% win rate, $0.00 PnL
Saved snapshot to /Users/mattia/Projects/Onde/data/trading/snapshots/2026-02-02.jsonl
  All-time: 2016 trades, 0.0% win rate, $0.00 PnL
  Today: 0 trades, 0.0% win rate, $0.00 PnL
Saved snapshot to /Users/mattia/Projects/Onde/data/trading/snapshots/2026-02-02.jsonl
  All-time: 2016 trades, 0.0% win rate, $0.00 PnL
  Today: 0 trades, 0.0% win rate, $0.00 PnL
Saved snapshot to /Users/mattia/Projects/Onde/data/trading/snapshots/2026-02-02.jsonl
  All-time: 2016 trades, 0.0% win rate, $0.00 PnL
  Today: 0 trades, 0.0% win rate, $0.00 PnL
Saved snapshot to /Users/mattia/Projects/Onde/data/trading/snapshots/2026-02-02.jsonl
  All-time: 2016 trades, 0.0% win rate, $0.00 PnL
  Today: 0 trades, 0.0% win rate, $0.00 PnL
Saved snapshot to /Users/mattia/Projects/Onde/data/trading/snapshots/2026-02-02.jsonl
  All-time: 2016 trades, 0.0% win rate, $0.00 PnL
  Today: 0 trades, 0.0% win rate, $0.00 PnL
Saved snapshot to /Users/mattia/Projects/Onde/data/trading/snapshots/2026-02-02.jsonl
  All-time: 2016 trades, 0.0% win rate, $0.00 PnL
  Today: 0 trades, 0.0% win rate, $0.00 PnL
Saved snapshot to /Users/mattia/Projects/Onde/data/trading/snapshots/2026-02-02.jsonl
  All-time: 2016 trades, 0.0% win rate, $0.00 PnL
  Today: 0 trades, 0.0% win rate, $0.00 PnL
Saved snapshot to /Users/mattia/Projects/Onde/data/trading/snapshots/2026-02-02.jsonl
  All-time: 2016 trades, 0.0% win rate, $0.00 PnL
  Today: 0 trades, 0.0% win rate, $0.00 PnL
Saved snapshot to /Users/mattia/Projects/Onde/data/trading/snapshots/2026-02-02.jsonl
  All-time: 2016 trades, 0.0% win rate, $0.00 PnL
  Today: 0 trades, 0.0% win rate, $0.00 PnL
Saved snapshot to /Users/mattia/Projects/Onde/data/trading/snapshots/2026-02-02.jsonl
  All-time: 2016 trades, 0.0% win rate, $0.00 PnL
  Today: 0 trades, 0.0% win rate, $0.00 PnL
Saved snapshot to /Users/mattia/Projects/Onde/data/trading/snapshots/2026-02-02.jsonl
  All-time: 2016 trades, 0.0% win rate, $0.00 PnL
  Today: 0 trades, 0.0% win rate, $0.00 PnL
Saved snapshot to /Users/mattia/Projects/Onde/data/trading/snapshots/2026-02-03.jsonl
  All-time: 2016 trades, 0.0% win rate, $0.00 PnL
  Today: 0 trades, 0.0% win rate, $0.00 PnL
Saved snapshot to /Users/mattia/Projects/Onde/data/trading/snapshots/2026-02-03.jsonl
  All-time: 2016 trades, 0.0% win rate, $0.00 PnL
  Today: 0 trades, 0.0% win rate, $0.00 PnL
Saved snapshot to /Users/mattia/Projects/Onde/data/trading/snapshots/2026-02-03.jsonl
  All-time: 2016 trades, 0.0% win rate, $0.00 PnL
  Today: 0 trades, 0.0% win rate, $0.00 PnL
Saved snapshot to /Users/mattia/Projects/Onde/data/trading/snapshots/2026-02-03.jsonl
  All-time: 2016 trades, 0.0% win rate, $0.00 PnL
  Today: 0 trades, 0.0% win rate, $0.00 PnL
Saved snapshot to /Users/mattia/Projects/Onde/data/trading/snapshots/2026-02-03.jsonl
  All-time: 2016 trades, 0.0% win rate, $0.00 PnL
  Today: 0 trades, 0.0% win rate, $0.00 PnL
Saved snapshot to /Users/mattia/Projects/Onde/data/trading/snapshots/2026-02-03.jsonl
  All-time: 2016 trades, 0.0% win rate, $0.00 PnL
  Today: 0 trades, 0.0% win rate, $0.00 PnL
Saved snapshot to /Users/mattia/Projects/Onde/data/trading/snapshots/2026-02-03.jsonl
  All-time: 2016 trades, 0.0% win rate, $0.00 PnL
  Today: 0 trades, 0.0% win rate, $0.00 PnL
Saved snapshot to /Users/mattia/Projects/Onde/data/trading/snapshots/2026-02-03.jsonl
  All-time: 2016 trades, 0.0% win rate, $0.00 PnL
  Today: 0 trades, 0.0% win rate, $0.00 PnL
Saved snapshot to /Users/mattia/Projects/Onde/data/trading/snapshots/2026-02-03.jsonl
  All-time: 2016 trades, 0.0% win rate, $0.00 PnL
  Today: 0 trades, 0.0% win rate, $0.00 PnL
Saved snapshot to /Users/mattia/Projects/Onde/data/trading/snapshots/2026-02-03.jsonl
  All-time: 2016 trades, 0.0% win rate, $0.00 PnL
  Today: 0 trades, 0.0% win rate, $0.00 PnL
Saved snapshot to /Users/mattia/Projects/Onde/data/trading/snapshots/2026-02-03.jsonl
  All-time: 2016 trades, 0.0% win rate, $0.00 PnL
  Today: 0 trades, 0.0% win rate, $0.00 PnL
Saved snapshot to /Users/mattia/Projects/Onde/data/trading/snapshots/2026-02-03.jsonl
  All-time: 2016 trades, 0.0% win rate, $0.00 PnL
  Today: 0 trades, 0.0% win rate, $0.00 PnL
Saved snapshot to /Users/mattia/Projects/Onde/data/trading/snapshots/2026-02-03.jsonl
  All-time: 2016 trades, 0.0% win rate, $0.00 PnL
  Today: 0 trades, 0.0% win rate, $0.00 PnL
Saved snapshot to /Users/mattia/Projects/Onde/data/trading/snapshots/2026-02-03.jsonl
  All-time: 2016 trades, 0.0% win rate, $0.00 PnL
  Today: 0 trades, 0.0% win rate, $0.00 PnL
Saved snapshot to /Users/mattia/Projects/Onde/data/trading/snapshots/2026-02-03.jsonl
  All-time: 2016 trades, 0.0% win rate, $0.00 PnL
  Today: 0 trades, 0.0% win rate, $0.00 PnL
Saved snapshot to /Users/mattia/Projects/Onde/data/trading/snapshots/2026-02-03.jsonl
  All-time: 2016 trades, 0.0% win rate, $0.00 PnL
  Today: 0 trades, 0.0% win rate, $0.00 PnL
Saved snapshot to /Users/mattia/Projects/Onde/data/trading/snapshots/2026-02-03.jsonl
  All-time: 2016 trades, 0.0% win rate, $0.00 PnL
  Today: 0 trades, 0.0% win rate, $0.00 PnL
Saved snapshot to /Users/mattia/Projects/Onde/data/trading/snapshots/2026-02-03.jsonl
  All-time: 2016 trades, 0.0% win rate, $0.00 PnL
  Today: 0 trades, 0.0% win rate, $0.00 PnL
Saved snapshot to /Users/mattia/Projects/Onde/data/trading/snapshots/2026-02-03.jsonl
  All-time: 2016 trades, 0.0% win rate, $0.00 PnL
  Today: 0 trades, 0.0% win rate, $0.00 PnL
Saved snapshot to /Users/mattia/Projects/Onde/data/trading/snapshots/2026-02-03.jsonl
  All-time: 2016 trades, 0.0% win rate, $0.00 PnL
  Today: 0 trades, 0.0% win rate, $0.00 PnL
Saved snapshot to /Users/mattia/Projects/Onde/data/trading/snapshots/2026-02-03.jsonl
  All-time: 2016 trades, 0.0% win rate, $0.00 PnL
  Today: 0 trades, 0.0% win rate, $0.00 PnL
Saved snapshot to /Users/mattia/Projects/Onde/data/trading/snapshots/2026-02-03.jsonl
  All-time: 2016 trades, 0.0% win rate, $0.00 PnL
  Today: 0 trades, 0.0% win rate, $0.00 PnL
Saved snapshot to /Users/mattia/Projects/Onde/data/trading/snapshots/2026-02-03.jsonl
  All-time: 2016 trades, 0.0% win rate, $0.00 PnL
  Today: 0 trades, 0.0% win rate, $0.00 PnL
Saved snapshot to /Users/mattia/Projects/Onde/data/trading/snapshots/2026-02-03.jsonl
  All-time: 2016 trades, 0.0% win rate, $0.00 PnL
  Today: 0 trades, 0.0% win rate, $0.00 PnL
Saved snapshot to /Users/mattia/Projects/Onde/data/trading/snapshots/2026-02-04.jsonl
  All-time: 2016 trades, 0.0% win rate, $0.00 PnL
  Today: 0 trades, 0.0% win rate, $0.00 PnL
Saved snapshot to /Users/mattia/Projects/Onde/data/trading/snapshots/2026-02-04.jsonl
  All-time: 2016 trades, 0.0% win rate, $0.00 PnL
  Today: 0 trades, 0.0% win rate, $0.00 PnL
Saved snapshot to /Users/mattia/Projects/Onde/data/trading/snapshots/2026-02-04.jsonl
  All-time: 2016 trades, 0.0% win rate, $0.00 PnL
  Today: 0 trades, 0.0% win rate, $0.00 PnL
Saved snapshot to /Users/mattia/Projects/Onde/data/trading/snapshots/2026-02-04.jsonl
  All-time: 2016 trades, 0.0% win rate, $0.00 PnL
  Today: 0 trades, 0.0% win rate, $0.00 PnL
Saved snapshot to /Users/mattia/Projects/Onde/data/trading/snapshots/2026-02-04.jsonl
  All-time: 2016 trades, 0.0% win rate, $0.00 PnL
  Today: 0 trades, 0.0% win rate, $0.00 PnL
Saved snapshot to /Users/mattia/Projects/Onde/data/trading/snapshots/2026-02-04.jsonl
  All-time: 2016 trades, 0.0% win rate, $0.00 PnL
  Today: 0 trades, 0.0% win rate, $0.00 PnL
Saved snapshot to /Users/mattia/Projects/Onde/data/trading/snapshots/2026-02-04.jsonl
  All-time: 2016 trades, 0.0% win rate, $0.00 PnL
  Today: 0 trades, 0.0% win rate, $0.00 PnL
Saved snapshot to /Users/mattia/Projects/Onde/data/trading/snapshots/2026-02-04.jsonl
  All-time: 2016 trades, 0.0% win rate, $0.00 PnL
  Today: 0 trades, 0.0% win rate, $0.00 PnL
Saved snapshot to /Users/mattia/Projects/Onde/data/trading/snapshots/2026-02-04.jsonl
  All-time: 2016 trades, 0.0% win rate, $0.00 PnL
  Today: 0 trades, 0.0% win rate, $0.00 PnL
Saved snapshot to /Users/mattia/Projects/Onde/data/trading/snapshots/2026-02-04.jsonl
  All-time: 2016 trades, 0.0% win rate, $0.00 PnL
  Today: 0 trades, 0.0% win rate, $0.00 PnL
Saved snapshot to /Users/mattia/Projects/Onde/data/trading/snapshots/2026-02-04.jsonl
  All-time: 2016 trades, 0.0% win rate, $0.00 PnL
  Today: 0 trades, 0.0% win rate, $0.00 PnL
Saved snapshot to /Users/mattia/Projects/Onde/data/trading/snapshots/2026-02-04.jsonl
  All-time: 2016 trades, 0.0% win rate, $0.00 PnL
  Today: 0 trades, 0.0% win rate, $0.00 PnL
Saved snapshot to /Users/mattia/Projects/Onde/data/trading/snapshots/2026-02-04.jsonl
  All-time: 2016 trades, 0.0% win rate, $0.00 PnL
  Today: 0 trades, 0.0% win rate, $0.00 PnL
Saved snapshot to /Users/mattia/Projects/Onde/data/trading/snapshots/2026-02-04.jsonl
  All-time: 2016 trades, 0.0% win rate, $0.00 PnL
  Today: 0 trades, 0.0% win rate, $0.00 PnL
Saved snapshot to /Users/mattia/Projects/Onde/data/trading/snapshots/2026-02-04.jsonl
  All-time: 2016 trades, 0.0% win rate, $0.00 PnL
  Today: 0 trades, 0.0% win rate, $0.00 PnL
Saved snapshot to /Users/mattia/Projects/Onde/data/trading/snapshots/2026-02-04.jsonl
  All-time: 2016 trades, 0.0% win rate, $0.00 PnL
  Today: 0 trades, 0.0% win rate, $0.00 PnL
Saved snapshot to /Users/mattia/Projects/Onde/data/trading/snapshots/2026-02-04.jsonl
  All-time: 2016 trades, 0.0% win rate, $0.00 PnL
  Today: 0 trades, 0.0% win rate, $0.00 PnL
Saved snapshot to /Users/mattia/Projects/Onde/data/trading/snapshots/2026-02-04.jsonl
  All-time: 2016 trades, 0.0% win rate, $0.00 PnL
  Today: 0 trades, 0.0% win rate, $0.00 PnL
Saved snapshot to /Users/mattia/Projects/Onde/data/trading/snapshots/2026-02-04.jsonl
  All-time: 2016 trades, 0.0% win rate, $0.00 PnL
  Today: 0 trades, 0.0% win rate, $0.00 PnL
Saved snapshot to /Users/mattia/Projects/Onde/data/trading/snapshots/2026-02-04.jsonl
  All-time: 2016 trades, 0.0% win rate, $0.00 PnL
  Today: 0 trades, 0.0% win rate, $0.00 PnL
Saved snapshot to /Users/mattia/Projects/Onde/data/trading/snapshots/2026-02-04.jsonl
  All-time: 2016 trades, 0.0% win rate, $0.00 PnL
  Today: 0 trades, 0.0% win rate, $0.00 PnL
Saved snapshot to /Users/mattia/Projects/Onde/data/trading/snapshots/2026-02-04.jsonl
  All-time: 2016 trades, 0.0% win rate, $0.00 PnL
  Today: 0 trades, 0.0% win rate, $0.00 PnL
Saved snapshot to /Users/mattia/Projects/Onde/data/trading/snapshots/2026-02-04.jsonl
  All-time: 2016 trades, 0.0% win rate, $0.00 PnL
  Today: 0 trades, 0.0% win rate, $0.00 PnL
Saved snapshot to /Users/mattia/Projects/Onde/data/trading/snapshots/2026-02-04.jsonl
  All-time: 2016 trades, 0.0% win rate, $0.00 PnL
  Today: 0 trades, 0.0% win rate, $0.00 PnL
Saved snapshot to /Users/mattia/Projects/Onde/data/trading/snapshots/2026-02-05.jsonl
  All-time: 2016 trades, 0.0% win rate, $0.00 PnL
  Today: 0 trades, 0.0% win rate, $0.00 PnL
Saved snapshot to /Users/mattia/Projects/Onde/data/trading/snapshots/2026-02-05.jsonl
  All-time: 2016 trades, 0.0% win rate, $0.00 PnL
  Today: 0 trades, 0.0% win rate, $0.00 PnL
Saved snapshot to /Users/mattia/Projects/Onde/data/trading/snapshots/2026-02-05.jsonl
  All-time: 2016 trades, 0.0% win rate, $0.00 PnL
  Today: 0 trades, 0.0% win rate, $0.00 PnL
Saved snapshot to /Users/mattia/Projects/Onde/data/trading/snapshots/2026-02-05.jsonl
  All-time: 2016 trades, 0.0% win rate, $0.00 PnL
  Today: 0 trades, 0.0% win rate, $0.00 PnL
Saved snapshot to /Users/mattia/Projects/Onde/data/trading/snapshots/2026-02-05.jsonl
  All-time: 2016 trades, 0.0% win rate, $0.00 PnL
  Today: 0 trades, 0.0% win rate, $0.00 PnL
Saved snapshot to /Users/mattia/Projects/Onde/data/trading/snapshots/2026-02-05.jsonl
  All-time: 2016 trades, 0.0% win rate, $0.00 PnL
  Today: 0 trades, 0.0% win rate, $0.00 PnL
Saved snapshot to /Users/mattia/Projects/Onde/data/trading/snapshots/2026-02-05.jsonl
  All-time: 2016 trades, 0.0% win rate, $0.00 PnL
  Today: 0 trades, 0.0% win rate, $0.00 PnL
Saved snapshot to /Users/mattia/Projects/Onde/data/trading/snapshots/2026-02-05.jsonl
  All-time: 2016 trades, 0.0% win rate, $0.00 PnL
  Today: 0 trades, 0.0% win rate, $0.00 PnL
Saved snapshot to /Users/mattia/Projects/Onde/data/trading/snapshots/2026-02-05.jsonl
  All-time: 2016 trades, 0.0% win rate, $0.00 PnL
  Today: 0 trades, 0.0% win rate, $0.00 PnL
Saved snapshot to /Users/mattia/Projects/Onde/data/trading/snapshots/2026-02-05.jsonl
  All-time: 2016 trades, 0.0% win rate, $0.00 PnL
  Today: 0 trades, 0.0% win rate, $0.00 PnL
Saved snapshot to /Users/mattia/Projects/Onde/data/trading/snapshots/2026-02-05.jsonl
  All-time: 2016 trades, 0.0% win rate, $0.00 PnL
  Today: 0 trades, 0.0% win rate, $0.00 PnL
Saved snapshot to /Users/mattia/Projects/Onde/data/trading/snapshots/2026-02-05.jsonl
  All-time: 2016 trades, 0.0% win rate, $0.00 PnL
  Today: 0 trades, 0.0% win rate, $0.00 PnL
Saved snapshot to /Users/mattia/Projects/Onde/data/trading/snapshots/2026-02-05.jsonl
  All-time: 2016 trades, 0.0% win rate, $0.00 PnL
  Today: 0 trades, 0.0% win rate, $0.00 PnL
Saved snapshot to /Users/mattia/Projects/Onde/data/trading/snapshots/2026-02-05.jsonl
  All-time: 2016 trades, 0.0% win rate, $0.00 PnL
  Today: 0 trades, 0.0% win rate, $0.00 PnL
Saved snapshot to /Users/mattia/Projects/Onde/data/trading/snapshots/2026-02-05.jsonl
  All-time: 2016 trades, 0.0% win rate, $0.00 PnL
  Today: 0 trades, 0.0% win rate, $0.00 PnL
Saved snapshot to /Users/mattia/Projects/Onde/data/trading/snapshots/2026-02-05.jsonl
  All-time: 2016 trades, 0.0% win rate, $0.00 PnL
  Today: 0 trades, 0.0% win rate, $0.00 PnL
Saved snapshot to /Users/mattia/Projects/Onde/data/trading/snapshots/2026-02-05.jsonl
  All-time: 2016 trades, 0.0% win rate, $0.00 PnL
  Today: 0 trades, 0.0% win rate, $0.00 PnL
Saved snapshot to /Users/mattia/Projects/Onde/data/trading/snapshots/2026-02-05.jsonl
  All-time: 2016 trades, 0.0% win rate, $0.00 PnL
  Today: 0 trades, 0.0% win rate, $0.00 PnL
Saved snapshot to /Users/mattia/Projects/Onde/data/trading/snapshots/2026-02-05.jsonl
  All-time: 2016 trades, 0.0% win rate, $0.00 PnL
  Today: 0 trades, 0.0% win rate, $0.00 PnL
Saved snapshot to /Users/mattia/Projects/Onde/data/trading/snapshots/2026-02-05.jsonl
  All-time: 2016 trades, 0.0% win rate, $0.00 PnL
  Today: 0 trades, 0.0% win rate, $0.00 PnL
Saved snapshot to /Users/mattia/Projects/Onde/data/trading/snapshots/2026-02-05.jsonl
  All-time: 2016 trades, 0.0% win rate, $0.00 PnL
  Today: 0 trades, 0.0% win rate, $0.00 PnL
Saved snapshot to /Users/mattia/Projects/Onde/data/trading/snapshots/2026-02-05.jsonl
  All-time: 2016 trades, 0.0% win rate, $0.00 PnL
  Today: 0 trades, 0.0% win rate, $0.00 PnL
Saved snapshot to /Users/mattia/Projects/Onde/data/trading/snapshots/2026-02-05.jsonl
  All-time: 2016 trades, 0.0% win rate, $0.00 PnL
  Today: 0 trades, 0.0% win rate, $0.00 PnL
Saved snapshot to /Users/mattia/Projects/Onde/data/trading/snapshots/2026-02-05.jsonl
  All-time: 2016 trades, 0.0% win rate, $0.00 PnL
  Today: 0 trades, 0.0% win rate, $0.00 PnL
Saved snapshot to /Users/mattia/Projects/Onde/data/trading/snapshots/2026-02-06.jsonl
  All-time: 2016 trades, 0.0% win rate, $0.00 PnL
  Today: 0 trades, 0.0% win rate, $0.00 PnL
Saved snapshot to /Users/mattia/Projects/Onde/data/trading/snapshots/2026-02-06.jsonl
  All-time: 2016 trades, 0.0% win rate, $0.00 PnL
  Today: 0 trades, 0.0% win rate, $0.00 PnL
Saved snapshot to /Users/mattia/Projects/Onde/data/trading/snapshots/2026-02-06.jsonl
  All-time: 2016 trades, 0.0% win rate, $0.00 PnL
  Today: 0 trades, 0.0% win rate, $0.00 PnL
Saved snapshot to /Users/mattia/Projects/Onde/data/trading/snapshots/2026-02-06.jsonl
  All-time: 2016 trades, 0.0% win rate, $0.00 PnL
  Today: 0 trades, 0.0% win rate, $0.00 PnL
Saved snapshot to /Users/mattia/Projects/Onde/data/trading/snapshots/2026-02-06.jsonl
  All-time: 2016 trades, 0.0% win rate, $0.00 PnL
  Today: 0 trades, 0.0% win rate, $0.00 PnL
Saved snapshot to /Users/mattia/Projects/Onde/data/trading/snapshots/2026-02-06.jsonl
  All-time: 2016 trades, 0.0% win rate, $0.00 PnL
  Today: 0 trades, 0.0% win rate, $0.00 PnL
Saved snapshot to /Users/mattia/Projects/Onde/data/trading/snapshots/2026-02-06.jsonl
  All-time: 2016 trades, 0.0% win rate, $0.00 PnL
  Today: 0 trades, 0.0% win rate, $0.00 PnL
Saved snapshot to /Users/mattia/Projects/Onde/data/trading/snapshots/2026-02-06.jsonl
  All-time: 2016 trades, 0.0% win rate, $0.00 PnL
  Today: 0 trades, 0.0% win rate, $0.00 PnL
Saved snapshot to /Users/mattia/Projects/Onde/data/trading/snapshots/2026-02-06.jsonl
  All-time: 2016 trades, 0.0% win rate, $0.00 PnL
  Today: 0 trades, 0.0% win rate, $0.00 PnL
Saved snapshot to /Users/mattia/Projects/Onde/data/trading/snapshots/2026-02-06.jsonl
  All-time: 2016 trades, 0.0% win rate, $0.00 PnL
  Today: 0 trades, 0.0% win rate, $0.00 PnL
Saved snapshot to /Users/mattia/Projects/Onde/data/trading/snapshots/2026-02-06.jsonl
  All-time: 2016 trades, 0.0% win rate, $0.00 PnL
  Today: 0 trades, 0.0% win rate, $0.00 PnL
Saved snapshot to /Users/mattia/Projects/Onde/data/trading/snapshots/2026-02-06.jsonl
  All-time: 2016 trades, 0.0% win rate, $0.00 PnL
  Today: 0 trades, 0.0% win rate, $0.00 PnL
Saved snapshot to /Users/mattia/Projects/Onde/data/trading/snapshots/2026-02-06.jsonl
  All-time: 2016 trades, 0.0% win rate, $0.00 PnL
  Today: 0 trades, 0.0% win rate, $0.00 PnL
Saved snapshot to /Users/mattia/Projects/Onde/data/trading/snapshots/2026-02-06.jsonl
  All-time: 2016 trades, 0.0% win rate, $0.00 PnL
  Today: 0 trades, 0.0% win rate, $0.00 PnL
Saved snapshot to /Users/mattia/Projects/Onde/data/trading/snapshots/2026-02-06.jsonl
  All-time: 2016 trades, 0.0% win rate, $0.00 PnL
  Today: 0 trades, 0.0% win rate, $0.00 PnL
Saved snapshot to /Users/mattia/Projects/Onde/data/trading/snapshots/2026-02-06.jsonl
  All-time: 2016 trades, 0.0% win rate, $0.00 PnL
  Today: 0 trades, 0.0% win rate, $0.00 PnL
Saved snapshot to /Users/mattia/Projects/Onde/data/trading/snapshots/2026-02-06.jsonl
  All-time: 2016 trades, 0.0% win rate, $0.00 PnL
  Today: 0 trades, 0.0% win rate, $0.00 PnL
Saved snapshot to /Users/mattia/Projects/Onde/data/trading/snapshots/2026-02-06.jsonl
  All-time: 2016 trades, 0.0% win rate, $0.00 PnL
  Today: 0 trades, 0.0% win rate, $0.00 PnL
Saved snapshot to /Users/mattia/Projects/Onde/data/trading/snapshots/2026-02-06.jsonl
  All-time: 2016 trades, 0.0% win rate, $0.00 PnL
  Today: 0 trades, 0.0% win rate, $0.00 PnL
Saved snapshot to /Users/mattia/Projects/Onde/data/trading/snapshots/2026-02-06.jsonl
  All-time: 2016 trades, 0.0% win rate, $0.00 PnL
  Today: 0 trades, 0.0% win rate, $0.00 PnL
Saved snapshot to /Users/mattia/Projects/Onde/data/trading/snapshots/2026-02-06.jsonl
  All-time: 2016 trades, 0.0% win rate, $0.00 PnL
  Today: 0 trades, 0.0% win rate, $0.00 PnL
Saved snapshot to /Users/mattia/Projects/Onde/data/trading/snapshots/2026-02-06.jsonl
  All-time: 2016 trades, 0.0% win rate, $0.00 PnL
  Today: 0 trades, 0.0% win rate, $0.00 PnL
Saved snapshot to /Users/mattia/Projects/Onde/data/trading/snapshots/2026-02-06.jsonl
  All-time: 2016 trades, 0.0% win rate, $0.00 PnL
  Today: 0 trades, 0.0% win rate, $0.00 PnL
Saved snapshot to /Users/mattia/Projects/Onde/data/trading/snapshots/2026-02-06.jsonl
  All-time: 2016 trades, 0.0% win rate, $0.00 PnL
  Today: 0 trades, 0.0% win rate, $0.00 PnL
Saved snapshot to /Users/mattia/Projects/Onde/data/trading/snapshots/2026-02-07.jsonl
  All-time: 2016 trades, 0.0% win rate, $0.00 PnL
  Today: 0 trades, 0.0% win rate, $0.00 PnL
Saved snapshot to /Users/mattia/Projects/Onde/data/trading/snapshots/2026-02-07.jsonl
  All-time: 2016 trades, 0.0% win rate, $0.00 PnL
  Today: 0 trades, 0.0% win rate, $0.00 PnL
Saved snapshot to /Users/mattia/Projects/Onde/data/trading/snapshots/2026-02-07.jsonl
  All-time: 2016 trades, 0.0% win rate, $0.00 PnL
  Today: 0 trades, 0.0% win rate, $0.00 PnL
Saved snapshot to /Users/mattia/Projects/Onde/data/trading/snapshots/2026-02-07.jsonl
  All-time: 2016 trades, 0.0% win rate, $0.00 PnL
  Today: 0 trades, 0.0% win rate, $0.00 PnL
Saved snapshot to /Users/mattia/Projects/Onde/data/trading/snapshots/2026-02-07.jsonl
  All-time: 2016 trades, 0.0% win rate, $0.00 PnL
  Today: 0 trades, 0.0% win rate, $0.00 PnL
Saved snapshot to /Users/mattia/Projects/Onde/data/trading/snapshots/2026-02-07.jsonl
  All-time: 2016 trades, 0.0% win rate, $0.00 PnL
  Today: 0 trades, 0.0% win rate, $0.00 PnL
Saved snapshot to /Users/mattia/Projects/Onde/data/trading/snapshots/2026-02-07.jsonl
  All-time: 2016 trades, 0.0% win rate, $0.00 PnL
  Today: 0 trades, 0.0% win rate, $0.00 PnL
Saved snapshot to /Users/mattia/Projects/Onde/data/trading/snapshots/2026-02-07.jsonl
  All-time: 2016 trades, 0.0% win rate, $0.00 PnL
  Today: 0 trades, 0.0% win rate, $0.00 PnL
Saved snapshot to /Users/mattia/Projects/Onde/data/trading/snapshots/2026-02-07.jsonl
  All-time: 2016 trades, 0.0% win rate, $0.00 PnL
  Today: 0 trades, 0.0% win rate, $0.00 PnL
Saved snapshot to /Users/mattia/Projects/Onde/data/trading/snapshots/2026-02-07.jsonl
  All-time: 2016 trades, 0.0% win rate, $0.00 PnL
  Today: 0 trades, 0.0% win rate, $0.00 PnL
Saved snapshot to /Users/mattia/Projects/Onde/data/trading/snapshots/2026-02-07.jsonl
  All-time: 2016 trades, 0.0% win rate, $0.00 PnL
  Today: 0 trades, 0.0% win rate, $0.00 PnL
Saved snapshot to /Users/mattia/Projects/Onde/data/trading/snapshots/2026-02-07.jsonl
  All-time: 2016 trades, 0.0% win rate, $0.00 PnL
  Today: 0 trades, 0.0% win rate, $0.00 PnL
Saved snapshot to /Users/mattia/Projects/Onde/data/trading/snapshots/2026-02-07.jsonl
  All-time: 2016 trades, 0.0% win rate, $0.00 PnL
  Today: 0 trades, 0.0% win rate, $0.00 PnL
Saved snapshot to /Users/mattia/Projects/Onde/data/trading/snapshots/2026-02-07.jsonl
  All-time: 2016 trades, 0.0% win rate, $0.00 PnL
  Today: 0 trades, 0.0% win rate, $0.00 PnL
Saved snapshot to /Users/mattia/Projects/Onde/data/trading/snapshots/2026-02-07.jsonl
  All-time: 2016 trades, 0.0% win rate, $0.00 PnL
  Today: 0 trades, 0.0% win rate, $0.00 PnL
Saved snapshot to /Users/mattia/Projects/Onde/data/trading/snapshots/2026-02-07.jsonl
  All-time: 2016 trades, 0.0% win rate, $0.00 PnL
  Today: 0 trades, 0.0% win rate, $0.00 PnL
Saved snapshot to /Users/mattia/Projects/Onde/data/trading/snapshots/2026-02-07.jsonl
  All-time: 2016 trades, 0.0% win rate, $0.00 PnL
  Today: 0 trades, 0.0% win rate, $0.00 PnL
Saved snapshot to /Users/mattia/Projects/Onde/data/trading/snapshots/2026-02-07.jsonl
  All-time: 2016 trades, 0.0% win rate, $0.00 PnL
  Today: 0 trades, 0.0% win rate, $0.00 PnL
Saved snapshot to /Users/mattia/Projects/Onde/data/trading/snapshots/2026-02-08.jsonl
  All-time: 2016 trades, 0.0% win rate, $0.00 PnL
  Today: 0 trades, 0.0% win rate, $0.00 PnL
Saved snapshot to /Users/mattia/Projects/Onde/data/trading/snapshots/2026-02-08.jsonl
  All-time: 2016 trades, 0.0% win rate, $0.00 PnL
  Today: 0 trades, 0.0% win rate, $0.00 PnL
Saved snapshot to /Users/mattia/Projects/Onde/data/trading/snapshots/2026-02-08.jsonl
  All-time: 2016 trades, 0.0% win rate, $0.00 PnL
  Today: 0 trades, 0.0% win rate, $0.00 PnL
Saved snapshot to /Users/mattia/Projects/Onde/data/trading/snapshots/2026-02-08.jsonl
  All-time: 2016 trades, 0.0% win rate, $0.00 PnL
  Today: 0 trades, 0.0% win rate, $0.00 PnL
Saved snapshot to /Users/mattia/Projects/Onde/data/trading/snapshots/2026-02-08.jsonl
  All-time: 2016 trades, 0.0% win rate, $0.00 PnL
  Today: 0 trades, 0.0% win rate, $0.00 PnL
Saved snapshot to /Users/mattia/Projects/Onde/data/trading/snapshots/2026-02-08.jsonl
  All-time: 2016 trades, 0.0% win rate, $0.00 PnL
  Today: 0 trades, 0.0% win rate, $0.00 PnL
Saved snapshot to /Users/mattia/Projects/Onde/data/trading/snapshots/2026-02-08.jsonl
  All-time: 2016 trades, 0.0% win rate, $0.00 PnL
  Today: 0 trades, 0.0% win rate, $0.00 PnL
Saved snapshot to /Users/mattia/Projects/Onde/data/trading/snapshots/2026-02-08.jsonl
  All-time: 2016 trades, 0.0% win rate, $0.00 PnL
  Today: 0 trades, 0.0% win rate, $0.00 PnL
Saved snapshot to /Users/mattia/Projects/Onde/data/trading/snapshots/2026-02-09.jsonl
  All-time: 2016 trades, 0.0% win rate, $0.00 PnL
  Today: 0 trades, 0.0% win rate, $0.00 PnL
Saved snapshot to /Users/mattia/Projects/Onde/data/trading/snapshots/2026-02-09.jsonl
  All-time: 2016 trades, 0.0% win rate, $0.00 PnL
  Today: 0 trades, 0.0% win rate, $0.00 PnL
Saved snapshot to /Users/mattia/Projects/Onde/data/trading/snapshots/2026-02-09.jsonl
  All-time: 2016 trades, 0.0% win rate, $0.00 PnL
  Today: 0 trades, 0.0% win rate, $0.00 PnL
Saved snapshot to /Users/mattia/Projects/Onde/data/trading/snapshots/2026-02-09.jsonl
  All-time: 2016 trades, 0.0% win rate, $0.00 PnL
  Today: 0 trades, 0.0% win rate, $0.00 PnL
Saved snapshot to /Users/mattia/Projects/Onde/data/trading/snapshots/2026-02-09.jsonl
  All-time: 2016 trades, 0.0% win rate, $0.00 PnL
  Today: 0 trades, 0.0% win rate, $0.00 PnL
Saved snapshot to /Users/mattia/Projects/Onde/data/trading/snapshots/2026-02-09.jsonl
  All-time: 2016 trades, 0.0% win rate, $0.00 PnL
  Today: 0 trades, 0.0% win rate, $0.00 PnL
Saved snapshot to /Users/mattia/Projects/Onde/data/trading/snapshots/2026-02-09.jsonl
  All-time: 2016 trades, 0.0% win rate, $0.00 PnL
  Today: 0 trades, 0.0% win rate, $0.00 PnL
Saved snapshot to /Users/mattia/Projects/Onde/data/trading/snapshots/2026-02-09.jsonl
  All-time: 2016 trades, 0.0% win rate, $0.00 PnL
  Today: 0 trades, 0.0% win rate, $0.00 PnL
Saved snapshot to /Users/mattia/Projects/Onde/data/trading/snapshots/2026-02-09.jsonl
  All-time: 2016 trades, 0.0% win rate, $0.00 PnL
  Today: 0 trades, 0.0% win rate, $0.00 PnL
Saved snapshot to /Users/mattia/Projects/Onde/data/trading/snapshots/2026-02-09.jsonl
  All-time: 2016 trades, 0.0% win rate, $0.00 PnL
  Today: 0 trades, 0.0% win rate, $0.00 PnL
Saved snapshot to /Users/mattia/Projects/Onde/data/trading/snapshots/2026-02-09.jsonl
  All-time: 2016 trades, 0.0% win rate, $0.00 PnL
  Today: 0 trades, 0.0% win rate, $0.00 PnL
Saved snapshot to /Users/mattia/Projects/Onde/data/trading/snapshots/2026-02-09.jsonl
  All-time: 2016 trades, 0.0% win rate, $0.00 PnL
  Today: 0 trades, 0.0% win rate, $0.00 PnL
Saved snapshot to /Users/mattia/Projects/Onde/data/trading/snapshots/2026-02-09.jsonl
  All-time: 2016 trades, 0.0% win rate, $0.00 PnL
  Today: 0 trades, 0.0% win rate, $0.00 PnL
Saved snapshot to /Users/mattia/Projects/Onde/data/trading/snapshots/2026-02-09.jsonl
  All-time: 2016 trades, 0.0% win rate, $0.00 PnL
  Today: 0 trades, 0.0% win rate, $0.00 PnL
Saved snapshot to /Users/mattia/Projects/Onde/data/trading/snapshots/2026-02-09.jsonl
  All-time: 2016 trades, 0.0% win rate, $0.00 PnL
  Today: 0 trades, 0.0% win rate, $0.00 PnL
Saved snapshot to /Users/mattia/Projects/Onde/data/trading/snapshots/2026-02-09.jsonl
  All-time: 2016 trades, 0.0% win rate, $0.00 PnL
  Today: 0 trades, 0.0% win rate, $0.00 PnL
Saved snapshot to /Users/mattia/Projects/Onde/data/trading/snapshots/2026-02-09.jsonl
  All-time: 2016 trades, 0.0% win rate, $0.00 PnL
  Today: 0 trades, 0.0% win rate, $0.00 PnL
Saved snapshot to /Users/mattia/Projects/Onde/data/trading/snapshots/2026-02-09.jsonl
  All-time: 2016 trades, 0.0% win rate, $0.00 PnL
  Today: 0 trades, 0.0% win rate, $0.00 PnL
Saved snapshot to /Users/mattia/Projects/Onde/data/trading/snapshots/2026-02-09.jsonl
  All-time: 2016 trades, 0.0% win rate, $0.00 PnL
  Today: 0 trades, 0.0% win rate, $0.00 PnL
Saved snapshot to /Users/mattia/Projects/Onde/data/trading/snapshots/2026-02-11.jsonl
  All-time: 2016 trades, 0.0% win rate, $0.00 PnL
  Today: 0 trades, 0.0% win rate, $0.00 PnL
Saved snapshot to /Users/mattia/Projects/Onde/data/trading/snapshots/2026-02-11.jsonl
  All-time: 2016 trades, 0.0% win rate, $0.00 PnL
  Today: 0 trades, 0.0% win rate, $0.00 PnL
Saved snapshot to /Users/mattia/Projects/Onde/data/trading/snapshots/2026-02-11.jsonl
  All-time: 2016 trades, 0.0% win rate, $0.00 PnL
  Today: 0 trades, 0.0% win rate, $0.00 PnL
Saved snapshot to /Users/mattia/Projects/Onde/data/trading/snapshots/2026-02-11.jsonl
  All-time: 2016 trades, 0.0% win rate, $0.00 PnL
  Today: 0 trades, 0.0% win rate, $0.00 PnL
Saved snapshot to /Users/mattia/Projects/Onde/data/trading/snapshots/2026-02-11.jsonl
  All-time: 2016 trades, 0.0% win rate, $0.00 PnL
  Today: 0 trades, 0.0% win rate, $0.00 PnL
Saved snapshot to /Users/mattia/Projects/Onde/data/trading/snapshots/2026-02-11.jsonl
  All-time: 2016 trades, 0.0% win rate, $0.00 PnL
  Today: 0 trades, 0.0% win rate, $0.00 PnL
Saved snapshot to /Users/mattia/Projects/Onde/data/trading/snapshots/2026-02-11.jsonl
  All-time: 2016 trades, 0.0% win rate, $0.00 PnL
  Today: 0 trades, 0.0% win rate, $0.00 PnL
Saved snapshot to /Users/mattia/Projects/Onde/data/trading/snapshots/2026-02-12.jsonl
  All-time: 2016 trades, 0.0% win rate, $0.00 PnL
  Today: 0 trades, 0.0% win rate, $0.00 PnL
Saved snapshot to /Users/mattia/Projects/Onde/data/trading/snapshots/2026-02-12.jsonl
  All-time: 2016 trades, 0.0% win rate, $0.00 PnL
  Today: 0 trades, 0.0% win rate, $0.00 PnL
Saved snapshot to /Users/mattia/Projects/Onde/data/trading/snapshots/2026-02-12.jsonl
  All-time: 2016 trades, 0.0% win rate, $0.00 PnL
  Today: 0 trades, 0.0% win rate, $0.00 PnL
Saved snapshot to /Users/mattia/Projects/Onde/data/trading/snapshots/2026-02-12.jsonl
  All-time: 2016 trades, 0.0% win rate, $0.00 PnL
  Today: 0 trades, 0.0% win rate, $0.00 PnL
Saved snapshot to /Users/mattia/Projects/Onde/data/trading/snapshots/2026-02-12.jsonl
  All-time: 2016 trades, 0.0% win rate, $0.00 PnL
  Today: 0 trades, 0.0% win rate, $0.00 PnL
Saved snapshot to /Users/mattia/Projects/Onde/data/trading/snapshots/2026-02-12.jsonl
  All-time: 2016 trades, 0.0% win rate, $0.00 PnL
  Today: 0 trades, 0.0% win rate, $0.00 PnL
Saved snapshot to /Users/mattia/Projects/Onde/data/trading/snapshots/2026-02-12.jsonl
  All-time: 2016 trades, 0.0% win rate, $0.00 PnL
  Today: 0 trades, 0.0% win rate, $0.00 PnL
Saved snapshot to /Users/mattia/Projects/Onde/data/trading/snapshots/2026-02-12.jsonl
  All-time: 2016 trades, 0.0% win rate, $0.00 PnL
  Today: 0 trades, 0.0% win rate, $0.00 PnL
Saved snapshot to /Users/mattia/Projects/Onde/data/trading/snapshots/2026-02-12.jsonl
  All-time: 2016 trades, 0.0% win rate, $0.00 PnL
  Today: 0 trades, 0.0% win rate, $0.00 PnL
Saved snapshot to /Users/mattia/Projects/Onde/data/trading/snapshots/2026-02-12.jsonl
  All-time: 2016 trades, 0.0% win rate, $0.00 PnL
  Today: 0 trades, 0.0% win rate, $0.00 PnL
Saved snapshot to /Users/mattia/Projects/Onde/data/trading/snapshots/2026-02-12.jsonl
  All-time: 2016 trades, 0.0% win rate, $0.00 PnL
  Today: 0 trades, 0.0% win rate, $0.00 PnL
Saved snapshot to /Users/mattia/Projects/Onde/data/trading/snapshots/2026-02-12.jsonl
  All-time: 2016 trades, 0.0% win rate, $0.00 PnL
  Today: 0 trades, 0.0% win rate, $0.00 PnL
Saved snapshot to /Users/mattia/Projects/Onde/data/trading/snapshots/2026-02-12.jsonl
  All-time: 2016 trades, 0.0% win rate, $0.00 PnL
  Today: 0 trades, 0.0% win rate, $0.00 PnL
Saved snapshot to /Users/mattia/Projects/Onde/data/trading/snapshots/2026-02-12.jsonl
  All-time: 2016 trades, 0.0% win rate, $0.00 PnL
  Today: 0 trades, 0.0% win rate, $0.00 PnL
Saved snapshot to /Users/mattia/Projects/Onde/data/trading/snapshots/2026-02-12.jsonl
  All-time: 2016 trades, 0.0% win rate, $0.00 PnL
  Today: 0 trades, 0.0% win rate, $0.00 PnL
Saved snapshot to /Users/mattia/Projects/Onde/data/trading/snapshots/2026-02-12.jsonl
  All-time: 2016 trades, 0.0% win rate, $0.00 PnL
  Today: 0 trades, 0.0% win rate, $0.00 PnL
Saved snapshot to /Users/mattia/Projects/Onde/data/trading/snapshots/2026-02-12.jsonl
  All-time: 2016 trades, 0.0% win rate, $0.00 PnL
  Today: 0 trades, 0.0% win rate, $0.00 PnL
Saved snapshot to /Users/mattia/Projects/Onde/data/trading/snapshots/2026-02-12.jsonl
  All-time: 2016 trades, 0.0% win rate, $0.00 PnL
  Today: 0 trades, 0.0% win rate, $0.00 PnL
Saved snapshot to /Users/mattia/Projects/Onde/data/trading/snapshots/2026-02-12.jsonl
  All-time: 2016 trades, 0.0% win rate, $0.00 PnL
  Today: 0 trades, 0.0% win rate, $0.00 PnL
Saved snapshot to /Users/mattia/Projects/Onde/data/trading/snapshots/2026-02-12.jsonl
  All-time: 2016 trades, 0.0% win rate, $0.00 PnL
  Today: 0 trades, 0.0% win rate, $0.00 PnL
Saved snapshot to /Users/mattia/Projects/Onde/data/trading/snapshots/2026-02-12.jsonl
  All-time: 2016 trades, 0.0% win rate, $0.00 PnL
  Today: 0 trades, 0.0% win rate, $0.00 PnL
Saved snapshot to /Users/mattia/Projects/Onde/data/trading/snapshots/2026-02-12.jsonl
  All-time: 2016 trades, 0.0% win rate, $0.00 PnL
  Today: 0 trades, 0.0% win rate, $0.00 PnL
Saved snapshot to /Users/mattia/Projects/Onde/data/trading/snapshots/2026-02-12.jsonl
  All-time: 2016 trades, 0.0% win rate, $0.00 PnL
  Today: 0 trades, 0.0% win rate, $0.00 PnL
Saved snapshot to /Users/mattia/Projects/Onde/data/trading/snapshots/2026-02-12.jsonl
  All-time: 2016 trades, 0.0% win rate, $0.00 PnL
  Today: 0 trades, 0.0% win rate, $0.00 PnL
Saved snapshot to /Users/mattia/Projects/Onde/data/trading/snapshots/2026-02-13.jsonl
  All-time: 2016 trades, 0.0% win rate, $0.00 PnL
  Today: 0 trades, 0.0% win rate, $0.00 PnL
Saved snapshot to /Users/mattia/Projects/Onde/data/trading/snapshots/2026-02-13.jsonl
  All-time: 2016 trades, 0.0% win rate, $0.00 PnL
  Today: 0 trades, 0.0% win rate, $0.00 PnL
Saved snapshot to /Users/mattia/Projects/Onde/data/trading/snapshots/2026-02-13.jsonl
  All-time: 2016 trades, 0.0% win rate, $0.00 PnL
  Today: 0 trades, 0.0% win rate, $0.00 PnL
Saved snapshot to /Users/mattia/Projects/Onde/data/trading/snapshots/2026-02-13.jsonl
  All-time: 2016 trades, 0.0% win rate, $0.00 PnL
  Today: 0 trades, 0.0% win rate, $0.00 PnL
Saved snapshot to /Users/mattia/Projects/Onde/data/trading/snapshots/2026-02-13.jsonl
  All-time: 2016 trades, 0.0% win rate, $0.00 PnL
  Today: 0 trades, 0.0% win rate, $0.00 PnL
Saved snapshot to /Users/mattia/Projects/Onde/data/trading/snapshots/2026-02-13.jsonl
  All-time: 2016 trades, 0.0% win rate, $0.00 PnL
  Today: 0 trades, 0.0% win rate, $0.00 PnL
Saved snapshot to /Users/mattia/Projects/Onde/data/trading/snapshots/2026-02-13.jsonl
  All-time: 2016 trades, 0.0% win rate, $0.00 PnL
  Today: 0 trades, 0.0% win rate, $0.00 PnL
Saved snapshot to /Users/mattia/Projects/Onde/data/trading/snapshots/2026-02-13.jsonl
  All-time: 2016 trades, 0.0% win rate, $0.00 PnL
  Today: 0 trades, 0.0% win rate, $0.00 PnL
Saved snapshot to /Users/mattia/Projects/Onde/data/trading/snapshots/2026-02-13.jsonl
  All-time: 2016 trades, 0.0% win rate, $0.00 PnL
  Today: 0 trades, 0.0% win rate, $0.00 PnL
Saved snapshot to /Users/mattia/Projects/Onde/data/trading/snapshots/2026-02-13.jsonl
  All-time: 2016 trades, 0.0% win rate, $0.00 PnL
  Today: 0 trades, 0.0% win rate, $0.00 PnL
Saved snapshot to /Users/mattia/Projects/Onde/data/trading/snapshots/2026-02-13.jsonl
  All-time: 2016 trades, 0.0% win rate, $0.00 PnL
  Today: 0 trades, 0.0% win rate, $0.00 PnL
Saved snapshot to /Users/mattia/Projects/Onde/data/trading/snapshots/2026-02-13.jsonl
  All-time: 2016 trades, 0.0% win rate, $0.00 PnL
  Today: 0 trades, 0.0% win rate, $0.00 PnL
Saved snapshot to /Users/mattia/Projects/Onde/data/trading/snapshots/2026-02-13.jsonl
  All-time: 2016 trades, 0.0% win rate, $0.00 PnL
  Today: 0 trades, 0.0% win rate, $0.00 PnL
Saved snapshot to /Users/mattia/Projects/Onde/data/trading/snapshots/2026-02-13.jsonl
  All-time: 2016 trades, 0.0% win rate, $0.00 PnL
  Today: 0 trades, 0.0% win rate, $0.00 PnL
Saved snapshot to /Users/mattia/Projects/Onde/data/trading/snapshots/2026-02-13.jsonl
  All-time: 2016 trades, 0.0% win rate, $0.00 PnL
  Today: 0 trades, 0.0% win rate, $0.00 PnL
Saved snapshot to /Users/mattia/Projects/Onde/data/trading/snapshots/2026-02-13.jsonl
  All-time: 2016 trades, 0.0% win rate, $0.00 PnL
  Today: 0 trades, 0.0% win rate, $0.00 PnL
Saved snapshot to /Users/mattia/Projects/Onde/data/trading/snapshots/2026-02-13.jsonl
  All-time: 2016 trades, 0.0% win rate, $0.00 PnL
  Today: 0 trades, 0.0% win rate, $0.00 PnL
Saved snapshot to /Users/mattia/Projects/Onde/data/trading/snapshots/2026-02-13.jsonl
  All-time: 2016 trades, 0.0% win rate, $0.00 PnL
  Today: 0 trades, 0.0% win rate, $0.00 PnL
Saved snapshot to /Users/mattia/Projects/Onde/data/trading/snapshots/2026-02-13.jsonl
  All-time: 2016 trades, 0.0% win rate, $0.00 PnL
  Today: 0 trades, 0.0% win rate, $0.00 PnL
Saved snapshot to /Users/mattia/Projects/Onde/data/trading/snapshots/2026-02-13.jsonl
  All-time: 2016 trades, 0.0% win rate, $0.00 PnL
  Today: 0 trades, 0.0% win rate, $0.00 PnL
Saved snapshot to /Users/mattia/Projects/Onde/data/trading/snapshots/2026-02-13.jsonl
  All-time: 2016 trades, 0.0% win rate, $0.00 PnL
  Today: 0 trades, 0.0% win rate, $0.00 PnL
Saved snapshot to /Users/mattia/Projects/Onde/data/trading/snapshots/2026-02-13.jsonl
  All-time: 2016 trades, 0.0% win rate, $0.00 PnL
  Today: 0 trades, 0.0% win rate, $0.00 PnL
Saved snapshot to /Users/mattia/Projects/Onde/data/trading/snapshots/2026-02-13.jsonl
  All-time: 2016 trades, 0.0% win rate, $0.00 PnL
  Today: 0 trades, 0.0% win rate, $0.00 PnL
Saved snapshot to /Users/mattia/Projects/Onde/data/trading/snapshots/2026-02-13.jsonl
  All-time: 2016 trades, 0.0% win rate, $0.00 PnL
  Today: 0 trades, 0.0% win rate, $0.00 PnL
Saved snapshot to /Users/mattia/Projects/Onde/data/trading/snapshots/2026-02-14.jsonl
  All-time: 2016 trades, 0.0% win rate, $0.00 PnL
  Today: 0 trades, 0.0% win rate, $0.00 PnL
Saved snapshot to /Users/mattia/Projects/Onde/data/trading/snapshots/2026-02-14.jsonl
  All-time: 2016 trades, 0.0% win rate, $0.00 PnL
  Today: 0 trades, 0.0% win rate, $0.00 PnL
Saved snapshot to /Users/mattia/Projects/Onde/data/trading/snapshots/2026-02-14.jsonl
  All-time: 2016 trades, 0.0% win rate, $0.00 PnL
  Today: 0 trades, 0.0% win rate, $0.00 PnL
Saved snapshot to /Users/mattia/Projects/Onde/data/trading/snapshots/2026-02-14.jsonl
  All-time: 2016 trades, 0.0% win rate, $0.00 PnL
  Today: 0 trades, 0.0% win rate, $0.00 PnL
Saved snapshot to /Users/mattia/Projects/Onde/data/trading/snapshots/2026-02-14.jsonl
  All-time: 2016 trades, 0.0% win rate, $0.00 PnL
  Today: 0 trades, 0.0% win rate, $0.00 PnL
Saved snapshot to /Users/mattia/Projects/Onde/data/trading/snapshots/2026-02-14.jsonl
  All-time: 2016 trades, 0.0% win rate, $0.00 PnL
  Today: 0 trades, 0.0% win rate, $0.00 PnL
Saved snapshot to /Users/mattia/Projects/Onde/data/trading/snapshots/2026-02-14.jsonl
  All-time: 2016 trades, 0.0% win rate, $0.00 PnL
  Today: 0 trades, 0.0% win rate, $0.00 PnL
Saved snapshot to /Users/mattia/Projects/Onde/data/trading/snapshots/2026-02-14.jsonl
  All-time: 2016 trades, 0.0% win rate, $0.00 PnL
  Today: 0 trades, 0.0% win rate, $0.00 PnL
Saved snapshot to /Users/mattia/Projects/Onde/data/trading/snapshots/2026-02-14.jsonl
  All-time: 2016 trades, 0.0% win rate, $0.00 PnL
  Today: 0 trades, 0.0% win rate, $0.00 PnL
Saved snapshot to /Users/mattia/Projects/Onde/data/trading/snapshots/2026-02-14.jsonl
  All-time: 2016 trades, 0.0% win rate, $0.00 PnL
  Today: 0 trades, 0.0% win rate, $0.00 PnL
Saved snapshot to /Users/mattia/Projects/Onde/data/trading/snapshots/2026-02-14.jsonl
  All-time: 2016 trades, 0.0% win rate, $0.00 PnL
  Today: 0 trades, 0.0% win rate, $0.00 PnL
Saved snapshot to /Users/mattia/Projects/Onde/data/trading/snapshots/2026-02-14.jsonl
  All-time: 2016 trades, 0.0% win rate, $0.00 PnL
  Today: 0 trades, 0.0% win rate, $0.00 PnL
Saved snapshot to /Users/mattia/Projects/Onde/data/trading/snapshots/2026-02-14.jsonl
  All-time: 2016 trades, 0.0% win rate, $0.00 PnL
  Today: 0 trades, 0.0% win rate, $0.00 PnL
Saved snapshot to /Users/mattia/Projects/Onde/data/trading/snapshots/2026-02-15.jsonl
  All-time: 2016 trades, 0.0% win rate, $0.00 PnL
  Today: 0 trades, 0.0% win rate, $0.00 PnL
Saved snapshot to /Users/mattia/Projects/Onde/data/trading/snapshots/2026-02-15.jsonl
  All-time: 2016 trades, 0.0% win rate, $0.00 PnL
  Today: 0 trades, 0.0% win rate, $0.00 PnL
Saved snapshot to /Users/mattia/Projects/Onde/data/trading/snapshots/2026-02-15.jsonl
  All-time: 2016 trades, 0.0% win rate, $0.00 PnL
  Today: 0 trades, 0.0% win rate, $0.00 PnL
Saved snapshot to /Users/mattia/Projects/Onde/data/trading/snapshots/2026-02-15.jsonl
  All-time: 2016 trades, 0.0% win rate, $0.00 PnL
  Today: 0 trades, 0.0% win rate, $0.00 PnL
Saved snapshot to /Users/mattia/Projects/Onde/data/trading/snapshots/2026-02-15.jsonl
  All-time: 2016 trades, 0.0% win rate, $0.00 PnL
  Today: 0 trades, 0.0% win rate, $0.00 PnL
Saved snapshot to /Users/mattia/Projects/Onde/data/trading/snapshots/2026-02-15.jsonl
  All-time: 2016 trades, 0.0% win rate, $0.00 PnL
  Today: 0 trades, 0.0% win rate, $0.00 PnL
Saved snapshot to /Users/mattia/Projects/Onde/data/trading/snapshots/2026-02-15.jsonl
  All-time: 2016 trades, 0.0% win rate, $0.00 PnL
  Today: 0 trades, 0.0% win rate, $0.00 PnL
Saved snapshot to /Users/mattia/Projects/Onde/data/trading/snapshots/2026-02-15.jsonl
  All-time: 2016 trades, 0.0% win rate, $0.00 PnL
  Today: 0 trades, 0.0% win rate, $0.00 PnL
Saved snapshot to /Users/mattia/Projects/Onde/data/trading/snapshots/2026-02-15.jsonl
  All-time: 2016 trades, 0.0% win rate, $0.00 PnL
  Today: 0 trades, 0.0% win rate, $0.00 PnL
Saved snapshot to /Users/mattia/Projects/Onde/data/trading/snapshots/2026-02-15.jsonl
  All-time: 2016 trades, 0.0% win rate, $0.00 PnL
  Today: 0 trades, 0.0% win rate, $0.00 PnL
Saved snapshot to /Users/mattia/Projects/Onde/data/trading/snapshots/2026-02-15.jsonl
  All-time: 2016 trades, 0.0% win rate, $0.00 PnL
  Today: 0 trades, 0.0% win rate, $0.00 PnL
Saved snapshot to /Users/mattia/Projects/Onde/data/trading/snapshots/2026-02-15.jsonl
  All-time: 2016 trades, 0.0% win rate, $0.00 PnL
  Today: 0 trades, 0.0% win rate, $0.00 PnL
Saved snapshot to /Users/mattia/Projects/Onde/data/trading/snapshots/2026-02-15.jsonl
  All-time: 2016 trades, 0.0% win rate, $0.00 PnL
  Today: 0 trades, 0.0% win rate, $0.00 PnL
Saved snapshot to /Users/mattia/Projects/Onde/data/trading/snapshots/2026-02-15.jsonl
  All-time: 2016 trades, 0.0% win rate, $0.00 PnL
  Today: 0 trades, 0.0% win rate, $0.00 PnL
Saved snapshot to /Users/mattia/Projects/Onde/data/trading/snapshots/2026-02-15.jsonl
  All-time: 2016 trades, 0.0% win rate, $0.00 PnL
  Today: 0 trades, 0.0% win rate, $0.00 PnL
Saved snapshot to /Users/mattia/Projects/Onde/data/trading/snapshots/2026-02-15.jsonl
  All-time: 2016 trades, 0.0% win rate, $0.00 PnL
  Today: 0 trades, 0.0% win rate, $0.00 PnL
Saved snapshot to /Users/mattia/Projects/Onde/data/trading/snapshots/2026-02-15.jsonl
  All-time: 2016 trades, 0.0% win rate, $0.00 PnL
  Today: 0 trades, 0.0% win rate, $0.00 PnL
Saved snapshot to /Users/mattia/Projects/Onde/data/trading/snapshots/2026-02-15.jsonl
  All-time: 2016 trades, 0.0% win rate, $0.00 PnL
  Today: 0 trades, 0.0% win rate, $0.00 PnL
Saved snapshot to /Users/mattia/Projects/Onde/data/trading/snapshots/2026-02-15.jsonl
  All-time: 2016 trades, 0.0% win rate, $0.00 PnL
  Today: 0 trades, 0.0% win rate, $0.00 PnL
Saved snapshot to /Users/mattia/Projects/Onde/data/trading/snapshots/2026-02-15.jsonl
  All-time: 2016 trades, 0.0% win rate, $0.00 PnL
  Today: 0 trades, 0.0% win rate, $0.00 PnL
Saved snapshot to /Users/mattia/Projects/Onde/data/trading/snapshots/2026-02-15.jsonl
  All-time: 2016 trades, 0.0% win rate, $0.00 PnL
  Today: 0 trades, 0.0% win rate, $0.00 PnL
Saved snapshot to /Users/mattia/Projects/Onde/data/trading/snapshots/2026-02-15.jsonl
  All-time: 2016 trades, 0.0% win rate, $0.00 PnL
  Today: 0 trades, 0.0% win rate, $0.00 PnL
Saved snapshot to /Users/mattia/Projects/Onde/data/trading/snapshots/2026-02-15.jsonl
  All-time: 2016 trades, 0.0% win rate, $0.00 PnL
  Today: 0 trades, 0.0% win rate, $0.00 PnL
Saved snapshot to /Users/mattia/Projects/Onde/data/trading/snapshots/2026-02-15.jsonl
  All-time: 2016 trades, 0.0% win rate, $0.00 PnL
  Today: 0 trades, 0.0% win rate, $0.00 PnL
Saved snapshot to /Users/mattia/Projects/Onde/data/trading/snapshots/2026-02-16.jsonl
  All-time: 2016 trades, 0.0% win rate, $0.00 PnL
  Today: 0 trades, 0.0% win rate, $0.00 PnL
Saved snapshot to /Users/mattia/Projects/Onde/data/trading/snapshots/2026-02-16.jsonl
  All-time: 2016 trades, 0.0% win rate, $0.00 PnL
  Today: 0 trades, 0.0% win rate, $0.00 PnL
Saved snapshot to /Users/mattia/Projects/Onde/data/trading/snapshots/2026-02-16.jsonl
  All-time: 2016 trades, 0.0% win rate, $0.00 PnL
  Today: 0 trades, 0.0% win rate, $0.00 PnL
Saved snapshot to /Users/mattia/Projects/Onde/data/trading/snapshots/2026-02-16.jsonl
  All-time: 2031 trades, 0.0% win rate, $0.00 PnL
  Today: 15 trades, 0% win rate, $0.00 PnL
Saved snapshot to /Users/mattia/Projects/Onde/data/trading/snapshots/2026-02-16.jsonl
  All-time: 2049 trades, 0.0% win rate, $0.00 PnL
  Today: 33 trades, 0% win rate, $0.00 PnL
Saved snapshot to /Users/mattia/Projects/Onde/data/trading/snapshots/2026-02-16.jsonl
  All-time: 2347 trades, 0.0% win rate, $0.00 PnL
  Today: 331 trades, 0% win rate, $0.00 PnL
Saved snapshot to /Users/mattia/Projects/Onde/data/trading/snapshots/2026-02-16.jsonl
  All-time: 2863 trades, 0.0% win rate, $0.00 PnL
  Today: 847 trades, 0% win rate, $0.00 PnL
Saved snapshot to /Users/mattia/Projects/Onde/data/trading/snapshots/2026-02-16.jsonl
  All-time: 3409 trades, 0.0% win rate, $0.00 PnL
  Today: 1393 trades, 0% win rate, $0.00 PnL
Saved snapshot to /Users/mattia/Projects/Onde/data/trading/snapshots/2026-02-16.jsonl
  All-time: 3942 trades, 0.0% win rate, $0.00 PnL
  Today: 1926 trades, 0% win rate, $0.00 PnL
Saved snapshot to /Users/mattia/Projects/Onde/data/trading/snapshots/2026-02-16.jsonl
  All-time: 3948 trades, 0.0% win rate, $0.00 PnL
  Today: 1932 trades, 0% win rate, $0.00 PnL
Saved snapshot to /Users/mattia/Projects/Onde/data/trading/snapshots/2026-02-16.jsonl
  All-time: 3948 trades, 0.0% win rate, $0.00 PnL
  Today: 1932 trades, 0% win rate, $0.00 PnL
Saved snapshot to /Users/mattia/Projects/Onde/data/trading/snapshots/2026-02-16.jsonl
  All-time: 3948 trades, 0.0% win rate, $0.00 PnL
  Today: 1932 trades, 0% win rate, $0.00 PnL
Saved snapshot to /Users/mattia/Projects/Onde/data/trading/snapshots/2026-02-16.jsonl
  All-time: 3948 trades, 0.0% win rate, $0.00 PnL
  Today: 1932 trades, 0% win rate, $0.00 PnL
Saved snapshot to /Users/mattia/Projects/Onde/data/trading/snapshots/2026-02-16.jsonl
  All-time: 3948 trades, 0.0% win rate, $0.00 PnL
  Today: 1932 trades, 0% win rate, $0.00 PnL
Saved snapshot to /Users/mattia/Projects/Onde/data/trading/snapshots/2026-02-16.jsonl
  All-time: 3948 trades, 0.0% win rate, $0.00 PnL
  Today: 1932 trades, 0% win rate, $0.00 PnL
Saved snapshot to /Users/mattia/Projects/Onde/data/trading/snapshots/2026-02-16.jsonl
  All-time: 3948 trades, 0.0% win rate, $0.00 PnL
  Today: 1932 trades, 0% win rate, $0.00 PnL
Saved snapshot to /Users/mattia/Projects/Onde/data/trading/snapshots/2026-02-16.jsonl
  All-time: 3948 trades, 0.0% win rate, $0.00 PnL
  Today: 1932 trades, 0% win rate, $0.00 PnL
Saved snapshot to /Users/mattia/Projects/Onde/data/trading/snapshots/2026-02-16.jsonl
  All-time: 3948 trades, 0.0% win rate, $0.00 PnL
  Today: 1932 trades, 0% win rate, $0.00 PnL
Saved snapshot to /Users/mattia/Projects/Onde/data/trading/snapshots/2026-02-16.jsonl
  All-time: 3948 trades, 0.0% win rate, $0.00 PnL
  Today: 1932 trades, 0% win rate, $0.00 PnL
Saved snapshot to /Users/mattia/Projects/Onde/data/trading/snapshots/2026-02-16.jsonl
  All-time: 3968 trades, 0.0% win rate, $0.00 PnL
  Today: 1952 trades, 0% win rate, $0.00 PnL
Saved snapshot to /Users/mattia/Projects/Onde/data/trading/snapshots/2026-02-16.jsonl
  All-time: 3988 trades, 0.0% win rate, $0.00 PnL
  Today: 1972 trades, 0% win rate, $0.00 PnL
Saved snapshot to /Users/mattia/Projects/Onde/data/trading/snapshots/2026-02-16.jsonl
  All-time: 4004 trades, 0.0% win rate, $0.00 PnL
  Today: 1988 trades, 0% win rate, $0.00 PnL
Saved snapshot to /Users/mattia/Projects/Onde/data/trading/snapshots/2026-02-16.jsonl
  All-time: 4054 trades, 0.0% win rate, $0.00 PnL
  Today: 2038 trades, 0% win rate, $0.00 PnL
Saved snapshot to /Users/mattia/Projects/Onde/data/trading/snapshots/2026-02-16.jsonl
  All-time: 4088 trades, 0.0% win rate, $0.00 PnL
  Today: 2072 trades, 0% win rate, $0.00 PnL
Saved snapshot to /Users/mattia/Projects/Onde/data/trading/snapshots/2026-02-17.jsonl
  All-time: 4124 trades, 0.0% win rate, $0.00 PnL
  Today: 0 trades, 0.0% win rate, $0.00 PnL
Saved snapshot to /Users/mattia/Projects/Onde/data/trading/snapshots/2026-02-17.jsonl
  All-time: 4129 trades, 0.0% win rate, $0.00 PnL
  Today: 5 trades, 0% win rate, $0.00 PnL
Saved snapshot to /Users/mattia/Projects/Onde/data/trading/snapshots/2026-02-17.jsonl
  All-time: 3948 trades, 0.0% win rate, $0.00 PnL
  Today: 0 trades, 0.0% win rate, $0.00 PnL
Saved snapshot to /Users/mattia/Projects/Onde/data/trading/snapshots/2026-02-17.jsonl
  All-time: 4004 trades, 0.0% win rate, $0.00 PnL
  Today: 56 trades, 0% win rate, $0.00 PnL
Saved snapshot to /Users/mattia/Projects/Onde/data/trading/snapshots/2026-02-17.jsonl
  All-time: 4042 trades, 0.0% win rate, $0.00 PnL
  Today: 94 trades, 0% win rate, $0.00 PnL
Saved snapshot to /Users/mattia/Projects/Onde/data/trading/snapshots/2026-02-17.jsonl
  All-time: 4060 trades, 0.0% win rate, $0.00 PnL
  Today: 112 trades, 0% win rate, $0.00 PnL
Saved snapshot to /Users/mattia/Projects/Onde/data/trading/snapshots/2026-02-17.jsonl
  All-time: 4111 trades, 0.0% win rate, $0.00 PnL
  Today: 163 trades, 0% win rate, $0.00 PnL
Saved snapshot to /Users/mattia/Projects/Onde/data/trading/snapshots/2026-02-17.jsonl
  All-time: 4154 trades, 0.0% win rate, $0.00 PnL
  Today: 206 trades, 0% win rate, $0.00 PnL
Saved snapshot to /Users/mattia/Projects/Onde/data/trading/snapshots/2026-02-17.jsonl
  All-time: 4092 trades, 0.0% win rate, $0.00 PnL
  Today: 144 trades, 0% win rate, $0.00 PnL
Saved snapshot to /Users/mattia/Projects/Onde/data/trading/snapshots/2026-02-17.jsonl
  All-time: 4138 trades, 0.0% win rate, $0.00 PnL
  Today: 190 trades, 0% win rate, $0.00 PnL
Saved snapshot to /Users/mattia/Projects/Onde/data/trading/snapshots/2026-02-17.jsonl
  All-time: 4170 trades, 0.0% win rate, $0.00 PnL
  Today: 222 trades, 0% win rate, $0.00 PnL
