[2026-02-18 04:40:01] onde.surf returned HTTP 000
[2026-02-18 04:40:01] ⚠️ Connection failed (timeout or DNS). Will retry next run.
[2026-02-18 04:40:01] onde.surf/api/auth/session returned HTTP 000
[2026-02-18 05:00:01] Checking onde.surf auth...
[2026-02-18 05:00:01] onde.surf returned HTTP 307
[2026-02-18 05:00:01] ✅ Auth working correctly (redirects to login)
[2026-02-18 05:00:01] Cleared previous alert
[2026-02-18 05:00:02] onde.surf/api/auth/session returned HTTP 200
[2026-02-18 05:20:00] Checking onde.surf auth...
[2026-02-18 05:20:01] onde.surf returned HTTP 307
[2026-02-18 05:20:01] ✅ Auth working correctly (redirects to login)
[2026-02-18 05:20:01] onde.surf/api/auth/session returned HTTP 200
[2026-02-18 05:40:00] Checking onde.surf auth...
[2026-02-18 05:40:00] onde.surf returned HTTP 307
[2026-02-18 05:40:00] ✅ Auth working correctly (redirects to login)
[2026-02-18 05:40:01] onde.surf/api/auth/session returned HTTP 200
[2026-02-18 06:00:01] Checking onde.surf auth...
[2026-02-18 06:00:01] onde.surf returned HTTP 307
[2026-02-18 06:00:01] ✅ Auth working correctly (redirects to login)
[2026-02-18 06:00:01] onde.surf/api/auth/session returned HTTP 200
[2026-02-18 06:20:00] Checking onde.surf auth...
[2026-02-18 06:20:00] onde.surf returned HTTP 307
[2026-02-18 06:20:00] ✅ Auth working correctly (redirects to login)
[2026-02-18 06:20:01] onde.surf/api/auth/session returned HTTP 200
[2026-02-18 06:40:01] Checking onde.surf auth...
[2026-02-18 06:40:01] onde.surf returned HTTP 307
[2026-02-18 06:40:01] ✅ Auth working correctly (redirects to login)
[2026-02-18 06:40:01] onde.surf/api/auth/session returned HTTP 200
[2026-02-18 07:00:01] Checking onde.surf auth...
[2026-02-18 07:00:01] onde.surf returned HTTP 307
[2026-02-18 07:00:01] ✅ Auth working correctly (redirects to login)
[2026-02-18 07:00:01] onde.surf/api/auth/session returned HTTP 200
[2026-02-18 07:20:00] Checking onde.surf auth...
[2026-02-18 07:20:00] onde.surf returned HTTP 307
[2026-02-18 07:20:00] ✅ Auth working correctly (redirects to login)
[2026-02-18 07:20:00] onde.surf/api/auth/session returned HTTP 200
[2026-02-18 07:40:00] Checking onde.surf auth...
[2026-02-18 07:40:00] onde.surf returned HTTP 307
[2026-02-18 07:40:00] ✅ Auth working correctly (redirects to login)
[2026-02-18 07:40:00] onde.surf/api/auth/session returned HTTP 200
[2026-02-18 08:00:01] Checking onde.surf auth...
[2026-02-18 08:00:02] onde.surf returned HTTP 307
[2026-02-18 08:00:02] ✅ Auth working correctly (redirects to login)
[2026-02-18 08:00:02] onde.surf/api/auth/session returned HTTP 200
[2026-02-18 08:20:00] Checking onde.surf auth...
[2026-02-18 08:20:00] onde.surf returned HTTP 307
[2026-02-18 08:20:00] ✅ Auth working correctly (redirects to login)
[2026-02-18 08:20:01] onde.surf/api/auth/session returned HTTP 200
[2026-02-18 08:40:00] Checking onde.surf auth...
[2026-02-18 08:40:01] onde.surf returned HTTP 307
[2026-02-18 08:40:01] ✅ Auth working correctly (redirects to login)
[2026-02-18 08:40:01] onde.surf/api/auth/session returned HTTP 200
[2026-02-18 09:00:00] Checking onde.surf auth...
[2026-02-18 09:00:01] onde.surf returned HTTP 307
[2026-02-18 09:00:01] ✅ Auth working correctly (redirects to login)
[2026-02-18 09:00:01] onde.surf/api/auth/session returned HTTP 200
[2026-02-18 09:20:01] Checking onde.surf auth...
[2026-02-18 09:20:01] onde.surf returned HTTP 307
[2026-02-18 09:20:01] ✅ Auth working correctly (redirects to login)
[2026-02-18 09:20:01] onde.surf/api/auth/session returned HTTP 200
[2026-02-18 09:40:01] Checking onde.surf auth...
[2026-02-18 09:40:01] onde.surf returned HTTP 307
[2026-02-18 09:40:01] ✅ Auth working correctly (redirects to login)
[2026-02-18 09:40:01] onde.surf/api/auth/session returned HTTP 200
[2026-02-18 10:00:00] Checking onde.surf auth...
[2026-02-18 10:00:01] onde.surf returned HTTP 307
[2026-02-18 10:00:01] ✅ Auth working correctly (redirects to login)
[2026-02-18 10:00:01] onde.surf/api/auth/session returned HTTP 200
[2026-02-18 10:20:00] Checking onde.surf auth...
[2026-02-18 10:20:00] onde.surf returned HTTP 307
[2026-02-18 10:20:00] ✅ Auth working correctly (redirects to login)
[2026-02-18 10:20:01] onde.surf/api/auth/session returned HTTP 200
[2026-02-18 10:40:00] Checking onde.surf auth...
[2026-02-18 10:40:00] onde.surf returned HTTP 307
[2026-02-18 10:40:00] ✅ Auth working correctly (redirects to login)
[2026-02-18 10:40:01] onde.surf/api/auth/session returned HTTP 200
[2026-02-18 11:00:00] Checking onde.surf auth...
[2026-02-18 11:00:01] onde.surf returned HTTP 307
[2026-02-18 11:00:01] ✅ Auth working correctly (redirects to login)
[2026-02-18 11:00:01] onde.surf/api/auth/session returned HTTP 200
[2026-02-18 11:20:00] Checking onde.surf auth...
[2026-02-18 11:20:00] onde.surf returned HTTP 307
[2026-02-18 11:20:00] ✅ Auth working correctly (redirects to login)
[2026-02-18 11:20:01] onde.surf/api/auth/session returned HTTP 200
[2026-02-18 11:40:01] Checking onde.surf auth...
[2026-02-18 11:40:01] onde.surf returned HTTP 307
[2026-02-18 11:40:01] ✅ Auth working correctly (redirects to login)
[2026-02-18 11:40:01] onde.surf/api/auth/session returned HTTP 200
[2026-02-18 12:00:00] Checking onde.surf auth...
[2026-02-18 12:00:01] onde.surf returned HTTP 307
[2026-02-18 12:00:01] ✅ Auth working correctly (redirects to login)
[2026-02-18 12:00:01] onde.surf/api/auth/session returned HTTP 200
[2026-02-18 12:20:01] Checking onde.surf auth...
[2026-02-18 12:20:01] onde.surf returned HTTP 307
[2026-02-18 12:20:01] ✅ Auth working correctly (redirects to login)
[2026-02-18 12:20:01] onde.surf/api/auth/session returned HTTP 200
[2026-02-18 12:40:01] Checking onde.surf auth...
[2026-02-18 12:40:03] onde.surf returned HTTP 307
[2026-02-18 12:40:03] ✅ Auth working correctly (redirects to login)
[2026-02-18 12:40:04] onde.surf/api/auth/session returned HTTP 200
[2026-02-18 13:00:01] Checking onde.surf auth...
[2026-02-18 13:00:02] onde.surf returned HTTP 307
[2026-02-18 13:00:02] ✅ Auth working correctly (redirects to login)
[2026-02-18 13:00:02] onde.surf/api/auth/session returned HTTP 200
[2026-02-18 13:20:00] Checking onde.surf auth...
[2026-02-18 13:20:00] onde.surf returned HTTP 307
[2026-02-18 13:20:00] ✅ Auth working correctly (redirects to login)
[2026-02-18 13:20:00] onde.surf/api/auth/session returned HTTP 200
[2026-02-18 13:40:00] Checking onde.surf auth...
[2026-02-18 13:40:01] onde.surf returned HTTP 307
[2026-02-18 13:40:01] ✅ Auth working correctly (redirects to login)
[2026-02-18 13:40:01] onde.surf/api/auth/session returned HTTP 200
[2026-02-18 14:00:01] Checking onde.surf auth...
[2026-02-18 14:00:01] onde.surf returned HTTP 307
[2026-02-18 14:00:01] ✅ Auth working correctly (redirects to login)
[2026-02-18 14:00:01] onde.surf/api/auth/session returned HTTP 200
[2026-02-18 14:20:01] Checking onde.surf auth...
[2026-02-18 14:20:01] onde.surf returned HTTP 307
[2026-02-18 14:20:01] ✅ Auth working correctly (redirects to login)
[2026-02-18 14:20:01] onde.surf/api/auth/session returned HTTP 200
[2026-02-18 14:40:00] Checking onde.surf auth...
[2026-02-18 14:40:00] onde.surf returned HTTP 307
[2026-02-18 14:40:00] ✅ Auth working correctly (redirects to login)
[2026-02-18 14:40:00] onde.surf/api/auth/session returned HTTP 200
[2026-02-18 15:00:01] Checking onde.surf auth...
[2026-02-18 15:00:02] onde.surf returned HTTP 307
[2026-02-18 15:00:02] ✅ Auth working correctly (redirects to login)
[2026-02-18 15:00:02] onde.surf/api/auth/session returned HTTP 200
[2026-02-18 15:20:00] Checking onde.surf auth...
[2026-02-18 15:20:00] onde.surf returned HTTP 307
[2026-02-18 15:20:00] ✅ Auth working correctly (redirects to login)
[2026-02-18 15:20:01] onde.surf/api/auth/session returned HTTP 200
[2026-02-18 15:40:00] Checking onde.surf auth...
[2026-02-18 15:40:01] onde.surf returned HTTP 307
[2026-02-18 15:40:01] ✅ Auth working correctly (redirects to login)
[2026-02-18 15:40:01] onde.surf/api/auth/session returned HTTP 200
[2026-02-18 16:00:00] Checking onde.surf auth...
[2026-02-18 16:00:01] onde.surf returned HTTP 307
[2026-02-18 16:00:01] ✅ Auth working correctly (redirects to login)
[2026-02-18 16:00:01] onde.surf/api/auth/session returned HTTP 200
[2026-02-18 16:20:01] Checking onde.surf auth...
[2026-02-18 16:20:01] onde.surf returned HTTP 307
[2026-02-18 16:20:01] ✅ Auth working correctly (redirects to login)
[2026-02-18 16:20:01] onde.surf/api/auth/session returned HTTP 200
[2026-02-18 16:40:00] Checking onde.surf auth...
[2026-02-18 16:40:01] onde.surf returned HTTP 307
[2026-02-18 16:40:01] ✅ Auth working correctly (redirects to login)
[2026-02-18 16:40:01] onde.surf/api/auth/session returned HTTP 200
[2026-02-18 17:00:01] Checking onde.surf auth...
[2026-02-18 17:00:02] onde.surf returned HTTP 307
[2026-02-18 17:00:02] ✅ Auth working correctly (redirects to login)
[2026-02-18 17:00:02] onde.surf/api/auth/session returned HTTP 200
[2026-02-18 17:20:01] Checking onde.surf auth...
[2026-02-18 17:20:01] onde.surf returned HTTP 307
[2026-02-18 17:20:01] ✅ Auth working correctly (redirects to login)
[2026-02-18 17:20:01] onde.surf/api/auth/session returned HTTP 200
[2026-02-18 17:40:00] Checking onde.surf auth...
[2026-02-18 17:40:01] onde.surf returned HTTP 307
[2026-02-18 17:40:01] ✅ Auth working correctly (redirects to login)
[2026-02-18 17:40:01] onde.surf/api/auth/session returned HTTP 200
[2026-02-18 18:00:00] Checking onde.surf auth...
[2026-02-18 18:00:01] onde.surf returned HTTP 000
[2026-02-18 18:00:01] ⚠️ Connection failed (timeout or DNS). Will retry next run.
[2026-02-18 18:00:01] onde.surf/api/auth/session returned HTTP 000
[2026-02-18 18:20:00] Checking onde.surf auth...
[2026-02-18 18:20:00] onde.surf returned HTTP 307
[2026-02-18 18:20:00] ✅ Auth working correctly (redirects to login)
[2026-02-18 18:20:00] Cleared previous alert
[2026-02-18 18:20:00] onde.surf/api/auth/session returned HTTP 200
[2026-02-18 18:40:00] Checking onde.surf auth...
[2026-02-18 18:40:01] onde.surf returned HTTP 307
[2026-02-18 18:40:01] ✅ Auth working correctly (redirects to login)
[2026-02-18 18:40:01] onde.surf/api/auth/session returned HTTP 200
[2026-02-18 19:00:01] Checking onde.surf auth...
[2026-02-18 19:00:01] onde.surf returned HTTP 307
[2026-02-18 19:00:01] ✅ Auth working correctly (redirects to login)
[2026-02-18 19:00:02] onde.surf/api/auth/session returned HTTP 200
[2026-02-18 19:20:01] Checking onde.surf auth...
[2026-02-18 19:20:01] onde.surf returned HTTP 307
[2026-02-18 19:20:01] ✅ Auth working correctly (redirects to login)
[2026-02-18 19:20:01] onde.surf/api/auth/session returned HTTP 200
[2026-02-18 19:40:00] Checking onde.surf auth...
[2026-02-18 19:40:00] onde.surf returned HTTP 307
[2026-02-18 19:40:00] ✅ Auth working correctly (redirects to login)
[2026-02-18 19:40:00] onde.surf/api/auth/session returned HTTP 200
[2026-02-18 20:00:01] Checking onde.surf auth...
[2026-02-18 20:00:01] onde.surf returned HTTP 307
[2026-02-18 20:00:01] ✅ Auth working correctly (redirects to login)
[2026-02-18 20:00:02] onde.surf/api/auth/session returned HTTP 200
[2026-02-18 20:20:00] Checking onde.surf auth...
[2026-02-18 20:20:01] onde.surf returned HTTP 307
[2026-02-18 20:20:01] ✅ Auth working correctly (redirects to login)
[2026-02-18 20:20:01] onde.surf/api/auth/session returned HTTP 200
[2026-02-18 20:40:01] Checking onde.surf auth...
[2026-02-18 20:40:01] onde.surf returned HTTP 307
[2026-02-18 20:40:01] ✅ Auth working correctly (redirects to login)
[2026-02-18 20:40:01] onde.surf/api/auth/session returned HTTP 200
[2026-02-18 21:00:00] Checking onde.surf auth...
[2026-02-18 21:00:01] onde.surf returned HTTP 307
[2026-02-18 21:00:01] ✅ Auth working correctly (redirects to login)
[2026-02-18 21:00:01] onde.surf/api/auth/session returned HTTP 200
[2026-02-18 21:20:00] Checking onde.surf auth...
[2026-02-18 21:20:00] onde.surf returned HTTP 307
[2026-02-18 21:20:00] ✅ Auth working correctly (redirects to login)
[2026-02-18 21:20:00] onde.surf/api/auth/session returned HTTP 200
[2026-02-18 21:40:00] Checking onde.surf auth...
[2026-02-18 21:40:01] onde.surf returned HTTP 307
[2026-02-18 21:40:01] ✅ Auth working correctly (redirects to login)
[2026-02-18 21:40:01] onde.surf/api/auth/session returned HTTP 200
[2026-02-18 22:00:00] Checking onde.surf auth...
[2026-02-18 22:00:01] onde.surf returned HTTP 307
[2026-02-18 22:00:01] ✅ Auth working correctly (redirects to login)
[2026-02-18 22:00:01] onde.surf/api/auth/session returned HTTP 200
[2026-02-18 22:20:00] Checking onde.surf auth...
[2026-02-18 22:20:00] onde.surf returned HTTP 307
[2026-02-18 22:20:00] ✅ Auth working correctly (redirects to login)
[2026-02-18 22:20:00] onde.surf/api/auth/session returned HTTP 200
[2026-02-18 22:40:00] Checking onde.surf auth...
[2026-02-18 22:40:01] onde.surf returned HTTP 307
[2026-02-18 22:40:01] ✅ Auth working correctly (redirects to login)
[2026-02-18 22:40:01] onde.surf/api/auth/session returned HTTP 200
[2026-02-18 23:00:01] Checking onde.surf auth...
[2026-02-18 23:00:01] onde.surf returned HTTP 307
[2026-02-18 23:00:01] ✅ Auth working correctly (redirects to login)
[2026-02-18 23:00:01] onde.surf/api/auth/session returned HTTP 200
[2026-02-18 23:20:00] Checking onde.surf auth...
[2026-02-18 23:20:00] onde.surf returned HTTP 307
[2026-02-18 23:20:00] ✅ Auth working correctly (redirects to login)
[2026-02-18 23:20:00] onde.surf/api/auth/session returned HTTP 200
[2026-02-18 23:40:00] Checking onde.surf auth...
[2026-02-18 23:40:01] onde.surf returned HTTP 307
[2026-02-18 23:40:01] ✅ Auth working correctly (redirects to login)
[2026-02-18 23:40:01] onde.surf/api/auth/session returned HTTP 200
[2026-02-19 00:00:01] Checking onde.surf auth...
[2026-02-19 00:00:02] onde.surf returned HTTP 307
[2026-02-19 00:00:02] ✅ Auth working correctly (redirects to login)
[2026-02-19 00:00:02] onde.surf/api/auth/session returned HTTP 200
[2026-02-19 00:20:00] Checking onde.surf auth...
[2026-02-19 00:20:00] onde.surf returned HTTP 307
[2026-02-19 00:20:00] ✅ Auth working correctly (redirects to login)
[2026-02-19 00:20:00] onde.surf/api/auth/session returned HTTP 200
[2026-02-19 00:40:00] Checking onde.surf auth...
[2026-02-19 00:40:01] onde.surf returned HTTP 307
[2026-02-19 00:40:01] ✅ Auth working correctly (redirects to login)
[2026-02-19 00:40:01] onde.surf/api/auth/session returned HTTP 200
[2026-02-19 01:00:00] Checking onde.surf auth...
[2026-02-19 01:00:01] onde.surf returned HTTP 307
[2026-02-19 01:00:01] ✅ Auth working correctly (redirects to login)
[2026-02-19 01:00:01] onde.surf/api/auth/session returned HTTP 200
[2026-02-19 01:20:00] Checking onde.surf auth...
[2026-02-19 01:20:00] onde.surf returned HTTP 307
[2026-02-19 01:20:00] ✅ Auth working correctly (redirects to login)
[2026-02-19 01:20:00] onde.surf/api/auth/session returned HTTP 200
[2026-02-19 01:40:00] Checking onde.surf auth...
[2026-02-19 01:40:00] onde.surf returned HTTP 307
[2026-02-19 01:40:00] ✅ Auth working correctly (redirects to login)
[2026-02-19 01:40:00] onde.surf/api/auth/session returned HTTP 200
[2026-02-19 02:00:01] Checking onde.surf auth...
[2026-02-19 02:00:01] onde.surf returned HTTP 307
[2026-02-19 02:00:01] ✅ Auth working correctly (redirects to login)
[2026-02-19 02:00:02] onde.surf/api/auth/session returned HTTP 200
[2026-02-19 02:20:00] Checking onde.surf auth...
[2026-02-19 02:20:00] onde.surf returned HTTP 307
[2026-02-19 02:20:00] ✅ Auth working correctly (redirects to login)
[2026-02-19 02:20:00] onde.surf/api/auth/session returned HTTP 200
[2026-02-19 02:40:00] Checking onde.surf auth...
[2026-02-19 02:40:01] onde.surf returned HTTP 307
[2026-02-19 02:40:01] ✅ Auth working correctly (redirects to login)
[2026-02-19 02:40:01] onde.surf/api/auth/session returned HTTP 200
[2026-02-19 03:00:01] Checking onde.surf auth...
[2026-02-19 03:00:01] onde.surf returned HTTP 307
[2026-02-19 03:00:01] ✅ Auth working correctly (redirects to login)
[2026-02-19 03:00:02] onde.surf/api/auth/session returned HTTP 200
[2026-02-19 03:20:00] Checking onde.surf auth...
[2026-02-19 03:20:00] onde.surf returned HTTP 307
[2026-02-19 03:20:00] ✅ Auth working correctly (redirects to login)
[2026-02-19 03:20:00] onde.surf/api/auth/session returned HTTP 200
[2026-02-19 03:40:00] Checking onde.surf auth...
[2026-02-19 03:40:00] onde.surf returned HTTP 307
[2026-02-19 03:40:00] ✅ Auth working correctly (redirects to login)
[2026-02-19 03:40:00] onde.surf/api/auth/session returned HTTP 200
[2026-02-19 04:00:01] Checking onde.surf auth...
[2026-02-19 04:00:01] onde.surf returned HTTP 307
[2026-02-19 04:00:01] ✅ Auth working correctly (redirects to login)
[2026-02-19 04:00:02] onde.surf/api/auth/session returned HTTP 200
[2026-02-19 04:20:01] Checking onde.surf auth...
[2026-02-19 04:20:01] onde.surf returned HTTP 307
[2026-02-19 04:20:01] ✅ Auth working correctly (redirects to login)
[2026-02-19 04:20:01] onde.surf/api/auth/session returned HTTP 200
[2026-02-19 04:40:01] Checking onde.surf auth...
[2026-02-19 04:40:01] onde.surf returned HTTP 307
[2026-02-19 04:40:01] ✅ Auth working correctly (redirects to login)
[2026-02-19 04:40:01] onde.surf/api/auth/session returned HTTP 200
[2026-02-19 05:00:00] Checking onde.surf auth...
[2026-02-19 05:00:01] onde.surf returned HTTP 307
[2026-02-19 05:00:01] ✅ Auth working correctly (redirects to login)
[2026-02-19 05:00:01] onde.surf/api/auth/session returned HTTP 200
[2026-02-19 05:20:00] Checking onde.surf auth...
[2026-02-19 05:20:00] onde.surf returned HTTP 307
[2026-02-19 05:20:00] ✅ Auth working correctly (redirects to login)
[2026-02-19 05:20:01] onde.surf/api/auth/session returned HTTP 200
[2026-02-19 05:40:00] Checking onde.surf auth...
[2026-02-19 05:40:01] onde.surf returned HTTP 307
[2026-02-19 05:40:01] ✅ Auth working correctly (redirects to login)
[2026-02-19 05:40:01] onde.surf/api/auth/session returned HTTP 200
[2026-02-19 06:00:00] Checking onde.surf auth...
[2026-02-19 06:00:01] onde.surf returned HTTP 307
[2026-02-19 06:00:01] ✅ Auth working correctly (redirects to login)
[2026-02-19 06:00:01] onde.surf/api/auth/session returned HTTP 200
[2026-02-19 06:20:00] Checking onde.surf auth...
[2026-02-19 06:20:00] onde.surf returned HTTP 307
[2026-02-19 06:20:00] ✅ Auth working correctly (redirects to login)
[2026-02-19 06:20:01] onde.surf/api/auth/session returned HTTP 200
[2026-02-19 06:40:00] Checking onde.surf auth...
[2026-02-19 06:40:00] onde.surf returned HTTP 000
[2026-02-19 06:40:00] ⚠️ Connection failed (timeout or DNS). Will retry next run.
[2026-02-19 06:40:00] onde.surf/api/auth/session returned HTTP 000
[2026-02-19 07:00:00] Checking onde.surf auth...
[2026-02-19 07:00:01] onde.surf returned HTTP 307
[2026-02-19 07:00:01] ✅ Auth working correctly (redirects to login)
[2026-02-19 07:00:01] Cleared previous alert
[2026-02-19 07:00:01] onde.surf/api/auth/session returned HTTP 200
[2026-02-19 07:20:00] Checking onde.surf auth...
[2026-02-19 07:20:00] onde.surf returned HTTP 307
[2026-02-19 07:20:00] ✅ Auth working correctly (redirects to login)
[2026-02-19 07:20:00] onde.surf/api/auth/session returned HTTP 200
[2026-02-19 07:40:00] Checking onde.surf auth...
[2026-02-19 07:40:00] onde.surf returned HTTP 307
[2026-02-19 07:40:00] ✅ Auth working correctly (redirects to login)
[2026-02-19 07:40:00] onde.surf/api/auth/session returned HTTP 200
[2026-02-19 08:00:00] Checking onde.surf auth...
[2026-02-19 08:00:01] onde.surf returned HTTP 307
[2026-02-19 08:00:01] ✅ Auth working correctly (redirects to login)
[2026-02-19 08:00:01] onde.surf/api/auth/session returned HTTP 200
[2026-02-19 08:20:00] Checking onde.surf auth...
[2026-02-19 08:20:00] onde.surf returned HTTP 307
[2026-02-19 08:20:00] ✅ Auth working correctly (redirects to login)
[2026-02-19 08:20:01] onde.surf/api/auth/session returned HTTP 200
[2026-02-19 08:40:00] Checking onde.surf auth...
[2026-02-19 08:40:00] onde.surf returned HTTP 307
[2026-02-19 08:40:00] ✅ Auth working correctly (redirects to login)
[2026-02-19 08:40:00] onde.surf/api/auth/session returned HTTP 200
[2026-02-19 09:00:00] Checking onde.surf auth...
[2026-02-19 09:00:01] onde.surf returned HTTP 307
[2026-02-19 09:00:01] ✅ Auth working correctly (redirects to login)
[2026-02-19 09:00:01] onde.surf/api/auth/session returned HTTP 200
[2026-02-19 09:20:00] Checking onde.surf auth...
[2026-02-19 09:20:01] onde.surf returned HTTP 307
[2026-02-19 09:20:01] ✅ Auth working correctly (redirects to login)
[2026-02-19 09:20:01] onde.surf/api/auth/session returned HTTP 200
[2026-02-19 09:40:00] Checking onde.surf auth...
[2026-02-19 09:40:00] onde.surf returned HTTP 000
[2026-02-19 09:40:00] ⚠️ Connection failed (timeout or DNS). Will retry next run.
[2026-02-19 09:40:00] onde.surf/api/auth/session returned HTTP 000
[2026-02-19 10:00:00] Checking onde.surf auth...
[2026-02-19 10:00:00] onde.surf returned HTTP 000
[2026-02-19 10:00:01] ⚠️ Connection failed (timeout or DNS). Will retry next run.
[2026-02-19 10:00:01] onde.surf/api/auth/session returned HTTP 000
[2026-02-19 10:20:00] Checking onde.surf auth...
[2026-02-19 10:20:00] onde.surf returned HTTP 000
[2026-02-19 10:20:00] ⚠️ Connection failed (timeout or DNS). Will retry next run.
[2026-02-19 10:20:00] onde.surf/api/auth/session returned HTTP 000
[2026-02-19 10:40:00] Checking onde.surf auth...
[2026-02-19 10:40:00] onde.surf returned HTTP 000
[2026-02-19 10:40:00] ⚠️ Connection failed (timeout or DNS). Will retry next run.
[2026-02-19 10:40:00] onde.surf/api/auth/session returned HTTP 000
[2026-02-19 11:00:01] Checking onde.surf auth...
[2026-02-19 11:00:01] onde.surf returned HTTP 000
[2026-02-19 11:00:01] ⚠️ Connection failed (timeout or DNS). Will retry next run.
[2026-02-19 11:00:01] onde.surf/api/auth/session returned HTTP 000
[2026-02-19 11:20:00] Checking onde.surf auth...
[2026-02-19 11:20:00] onde.surf returned HTTP 000
[2026-02-19 11:20:00] ⚠️ Connection failed (timeout or DNS). Will retry next run.
[2026-02-19 11:20:00] onde.surf/api/auth/session returned HTTP 000
[2026-02-19 11:40:00] Checking onde.surf auth...
[2026-02-19 11:40:00] onde.surf returned HTTP 000
[2026-02-19 11:40:00] ⚠️ Connection failed (timeout or DNS). Will retry next run.
[2026-02-19 11:40:00] onde.surf/api/auth/session returned HTTP 000
[2026-02-19 12:00:00] Checking onde.surf auth...
[2026-02-19 12:00:01] onde.surf returned HTTP 000
[2026-02-19 12:00:01] ⚠️ Connection failed (timeout or DNS). Will retry next run.
[2026-02-19 12:00:01] onde.surf/api/auth/session returned HTTP 000
[2026-02-19 12:20:01] Checking onde.surf auth...
[2026-02-19 12:20:01] onde.surf returned HTTP 000
[2026-02-19 12:20:01] ⚠️ Connection failed (timeout or DNS). Will retry next run.
[2026-02-19 12:20:01] onde.surf/api/auth/session returned HTTP 000
[2026-02-19 12:40:00] Checking onde.surf auth...
[2026-02-19 12:40:00] onde.surf returned HTTP 000
[2026-02-19 12:40:00] ⚠️ Connection failed (timeout or DNS). Will retry next run.
[2026-02-19 12:40:00] onde.surf/api/auth/session returned HTTP 000
[2026-02-19 13:00:01] Checking onde.surf auth...
[2026-02-19 13:00:01] onde.surf returned HTTP 000
[2026-02-19 13:00:01] ⚠️ Connection failed (timeout or DNS). Will retry next run.
[2026-02-19 13:00:01] onde.surf/api/auth/session returned HTTP 000
[2026-02-19 13:20:00] Checking onde.surf auth...
[2026-02-19 13:20:00] onde.surf returned HTTP 000
[2026-02-19 13:20:00] ⚠️ Connection failed (timeout or DNS). Will retry next run.
[2026-02-19 13:20:00] onde.surf/api/auth/session returned HTTP 000
[2026-02-19 13:40:00] Checking onde.surf auth...
[2026-02-19 13:40:00] onde.surf returned HTTP 000
[2026-02-19 13:40:01] ⚠️ Connection failed (timeout or DNS). Will retry next run.
[2026-02-19 13:40:01] onde.surf/api/auth/session returned HTTP 000
[2026-02-19 14:00:00] Checking onde.surf auth...
[2026-02-19 14:00:00] onde.surf returned HTTP 000
[2026-02-19 14:00:00] ⚠️ Connection failed (timeout or DNS). Will retry next run.
[2026-02-19 14:00:01] onde.surf/api/auth/session returned HTTP 000
[2026-02-19 14:20:00] Checking onde.surf auth...
[2026-02-19 14:20:00] onde.surf returned HTTP 307
[2026-02-19 14:20:00] ✅ Auth working correctly (redirects to login)
[2026-02-19 14:20:00] Cleared previous alert
[2026-02-19 14:20:00] onde.surf/api/auth/session returned HTTP 200
[2026-02-19 14:40:01] Checking onde.surf auth...
[2026-02-19 14:40:01] onde.surf returned HTTP 307
[2026-02-19 14:40:01] ✅ Auth working correctly (redirects to login)
[2026-02-19 14:40:01] onde.surf/api/auth/session returned HTTP 200
[2026-02-19 15:00:00] Checking onde.surf auth...
[2026-02-19 15:00:01] onde.surf returned HTTP 307
[2026-02-19 15:00:01] ✅ Auth working correctly (redirects to login)
[2026-02-19 15:00:01] onde.surf/api/auth/session returned HTTP 200
[2026-02-19 15:20:00] Checking onde.surf auth...
[2026-02-19 15:20:00] onde.surf returned HTTP 307
[2026-02-19 15:20:00] ✅ Auth working correctly (redirects to login)
[2026-02-19 15:20:01] onde.surf/api/auth/session returned HTTP 200
[2026-02-19 15:40:00] Checking onde.surf auth...
[2026-02-19 15:40:00] onde.surf returned HTTP 307
[2026-02-19 15:40:00] ✅ Auth working correctly (redirects to login)
[2026-02-19 15:40:01] onde.surf/api/auth/session returned HTTP 200
[2026-02-19 16:00:01] Checking onde.surf auth...
[2026-02-19 16:00:02] onde.surf returned HTTP 307
[2026-02-19 16:00:02] ✅ Auth working correctly (redirects to login)
[2026-02-19 16:00:02] onde.surf/api/auth/session returned HTTP 200
[2026-02-19 16:20:00] Checking onde.surf auth...
[2026-02-19 16:20:00] onde.surf returned HTTP 307
[2026-02-19 16:20:00] ✅ Auth working correctly (redirects to login)
[2026-02-19 16:20:01] onde.surf/api/auth/session returned HTTP 200
[2026-02-19 16:40:00] Checking onde.surf auth...
[2026-02-19 16:40:00] onde.surf returned HTTP 307
[2026-02-19 16:40:00] ✅ Auth working correctly (redirects to login)
[2026-02-19 16:40:00] onde.surf/api/auth/session returned HTTP 200
[2026-02-19 17:00:01] Checking onde.surf auth...
[2026-02-19 17:00:01] onde.surf returned HTTP 307
[2026-02-19 17:00:01] ✅ Auth working correctly (redirects to login)
[2026-02-19 17:00:02] onde.surf/api/auth/session returned HTTP 200
[2026-02-19 17:20:00] Checking onde.surf auth...
[2026-02-19 17:20:00] onde.surf returned HTTP 307
[2026-02-19 17:20:00] ✅ Auth working correctly (redirects to login)
[2026-02-19 17:20:00] onde.surf/api/auth/session returned HTTP 200
[2026-02-19 17:40:01] Checking onde.surf auth...
[2026-02-19 17:40:01] onde.surf returned HTTP 307
[2026-02-19 17:40:01] ✅ Auth working correctly (redirects to login)
[2026-02-19 17:40:01] onde.surf/api/auth/session returned HTTP 200
[2026-02-19 18:00:01] Checking onde.surf auth...
[2026-02-19 18:00:01] onde.surf returned HTTP 307
[2026-02-19 18:00:01] ✅ Auth working correctly (redirects to login)
[2026-02-19 18:00:01] onde.surf/api/auth/session returned HTTP 200
[2026-02-19 18:20:00] Checking onde.surf auth...
[2026-02-19 18:20:00] onde.surf returned HTTP 307
[2026-02-19 18:20:00] ✅ Auth working correctly (redirects to login)
[2026-02-19 18:20:01] onde.surf/api/auth/session returned HTTP 200
[2026-02-19 18:40:00] Checking onde.surf auth...
[2026-02-19 18:40:00] onde.surf returned HTTP 307
[2026-02-19 18:40:00] ✅ Auth working correctly (redirects to login)
[2026-02-19 18:40:01] onde.surf/api/auth/session returned HTTP 200
[2026-02-19 19:00:01] Checking onde.surf auth...
[2026-02-19 19:00:01] onde.surf returned HTTP 000
[2026-02-19 19:00:01] ⚠️ Connection failed (timeout or DNS). Will retry next run.
[2026-02-19 19:00:01] onde.surf/api/auth/session returned HTTP 000
[2026-02-19 19:20:00] Checking onde.surf auth...
[2026-02-19 19:20:00] onde.surf returned HTTP 000
[2026-02-19 19:20:00] ⚠️ Connection failed (timeout or DNS). Will retry next run.
[2026-02-19 19:20:00] onde.surf/api/auth/session returned HTTP 000
[2026-02-19 19:40:00] Checking onde.surf auth...
[2026-02-19 19:40:01] onde.surf returned HTTP 000
[2026-02-19 19:40:01] ⚠️ Connection failed (timeout or DNS). Will retry next run.
[2026-02-19 19:40:01] onde.surf/api/auth/session returned HTTP 000
[2026-02-19 20:00:00] Checking onde.surf auth...
[2026-02-19 20:00:00] onde.surf returned HTTP 000
[2026-02-19 20:00:00] ⚠️ Connection failed (timeout or DNS). Will retry next run.
[2026-02-19 20:00:00] onde.surf/api/auth/session returned HTTP 000
[2026-02-19 20:20:00] Checking onde.surf auth...
[2026-02-19 20:20:00] onde.surf returned HTTP 000
[2026-02-19 20:20:00] ⚠️ Connection failed (timeout or DNS). Will retry next run.
[2026-02-19 20:20:00] onde.surf/api/auth/session returned HTTP 000
[2026-02-19 20:40:01] Checking onde.surf auth...
[2026-02-19 20:40:01] onde.surf returned HTTP 000
[2026-02-19 20:40:01] ⚠️ Connection failed (timeout or DNS). Will retry next run.
[2026-02-19 20:40:01] onde.surf/api/auth/session returned HTTP 000
[2026-02-19 21:00:01] Checking onde.surf auth...
[2026-02-19 21:00:01] onde.surf returned HTTP 000
[2026-02-19 21:00:01] ⚠️ Connection failed (timeout or DNS). Will retry next run.
[2026-02-19 21:00:01] onde.surf/api/auth/session returned HTTP 000
[2026-02-19 21:20:00] Checking onde.surf auth...
[2026-02-19 21:20:00] onde.surf returned HTTP 000
[2026-02-19 21:20:00] ⚠️ Connection failed (timeout or DNS). Will retry next run.
[2026-02-19 21:20:00] onde.surf/api/auth/session returned HTTP 000
[2026-02-19 21:40:00] Checking onde.surf auth...
[2026-02-19 21:40:00] onde.surf returned HTTP 307
[2026-02-19 21:40:00] ✅ Auth working correctly (redirects to login)
[2026-02-19 21:40:00] Cleared previous alert
[2026-02-19 21:40:01] onde.surf/api/auth/session returned HTTP 200
